Log file open, 02/07/19 09:38:31
LogWindows: Failed to load 'aqProf.dll' (GetLastError=126)
LogWindows: File 'aqProf.dll' does not exist
LogWindows: Failed to load 'VtuneApi.dll' (GetLastError=126)
LogWindows: File 'VtuneApi.dll' does not exist
LogWindows: Failed to load 'VtuneApi32e.dll' (GetLastError=126)
LogWindows: File 'VtuneApi32e.dll' does not exist
LogConsoleResponse: Display: Failed to find resolution value strings in scalability ini. Falling back to default.
LogInit: Display: Running engine for game: GameLab19
LogPakFile: Registered encryption key '00000000000000000000000000000000': 0 pak files mounted, 0 remain pending
LogPlatformFile: Not using cached read wrapper
LogTaskGraph: Started task graph with 5 named threads and 35 total threads with 3 sets of task threads.
LogStats: Stats thread started at 0.403870
LogD3D11RHI: Loaded GFSDK_Aftermath_Lib.x64.dll
LogICUInternationalization: ICU TimeZone Detection - Raw Offset: -5:00, Platform Override: ''
LogPluginManager: Mounting plugin Paper2D
LogPluginManager: Mounting plugin AISupport
LogPluginManager: Mounting plugin LightPropagationVolume
LogPluginManager: Mounting plugin ActorLayerUtilities
LogPluginManager: Mounting plugin CLionSourceCodeAccess
LogPluginManager: Mounting plugin CodeLiteSourceCodeAccess
LogPluginManager: Mounting plugin GitSourceControl
LogPluginManager: Mounting plugin KDevelopSourceCodeAccess
LogPluginManager: Mounting plugin NullSourceCodeAccess
LogPluginManager: Mounting plugin PerforceSourceControl
LogPluginManager: Mounting plugin SubversionSourceControl
LogPluginManager: Mounting plugin UObjectPlugin
LogPluginManager: Mounting plugin VisualStudioCodeSourceCodeAccess
LogPluginManager: Mounting plugin VisualStudioSourceCodeAccess
LogPluginManager: Mounting plugin XCodeSourceCodeAccess
LogPluginManager: Mounting plugin AssetManagerEditor
LogPluginManager: Mounting plugin CryptoKeys
LogPluginManager: Mounting plugin DataValidation
LogPluginManager: Mounting plugin FacialAnimation
LogPluginManager: Mounting plugin GameplayTagsEditor
LogPluginManager: Mounting plugin MacGraphicsSwitching
LogPluginManager: Mounting plugin MeshEditor
LogPluginManager: Mounting plugin MobileLauncherProfileWizard
LogPluginManager: Mounting plugin PluginBrowser
LogPluginManager: Mounting plugin SpeedTreeImporter
LogPluginManager: Mounting plugin DatasmithContent
LogPluginManager: Mounting plugin VariantManagerContent
LogPluginManager: Mounting plugin AlembicImporter
LogPluginManager: Mounting plugin AppleImageUtils
LogPluginManager: Mounting plugin AppleVision
LogPluginManager: Mounting plugin BackChannel
LogPluginManager: Mounting plugin CharacterAI
LogPluginManager: Mounting plugin GeometryCache
LogPluginManager: Mounting plugin HTML5Networking
LogPluginManager: Mounting plugin ProxyLODPlugin
LogPluginManager: Mounting plugin MagicLeap
LogPluginManager: Mounting plugin MagicLeapMedia
LogPluginManager: Mounting plugin AndroidMedia
LogPluginManager: Mounting plugin AvfMedia
LogPluginManager: Mounting plugin ImgMedia
LogPluginManager: Mounting plugin LinearTimecode
LogPluginManager: Mounting plugin MediaCompositing
LogPluginManager: Mounting plugin MediaPlayerEditor
LogPluginManager: Mounting plugin WebMMedia
LogPluginManager: Mounting plugin WmfMedia
LogPluginManager: Mounting plugin TcpMessaging
LogPluginManager: Mounting plugin UdpMessaging
LogPluginManager: Mounting plugin ActorSequence
LogPluginManager: Mounting plugin LevelSequenceEditor
LogPluginManager: Mounting plugin MatineeToLevelSequence
LogPluginManager: Mounting plugin NetcodeUnitTest
LogPluginManager: Mounting plugin NUTUnrealEngine4
LogPluginManager: Mounting plugin OnlineSubsystemGooglePlay
LogPluginManager: Mounting plugin OnlineSubsystemIOS
LogPluginManager: Mounting plugin OnlineSubsystem
LogPluginManager: Mounting plugin OnlineSubsystemNull
LogPluginManager: Mounting plugin OnlineSubsystemUtils
LogPluginManager: Mounting plugin LauncherChunkInstaller
LogPluginManager: Mounting plugin AndroidDeviceProfileSelector
LogPluginManager: Mounting plugin AndroidMoviePlayer
LogPluginManager: Mounting plugin AndroidPermission
LogPluginManager: Mounting plugin AppleMoviePlayer
LogPluginManager: Mounting plugin ArchVisCharacter
LogPluginManager: Mounting plugin AudioCapture
LogPluginManager: Mounting plugin CableComponent
LogPluginManager: Mounting plugin CustomMeshComponent
LogPluginManager: Mounting plugin EditableMesh
LogPluginManager: Mounting plugin ExampleDeviceProfileSelector
LogPluginManager: Mounting plugin Firebase
LogPluginManager: Mounting plugin GoogleCloudMessaging
LogPluginManager: Mounting plugin IOSDeviceProfileSelector
LogPluginManager: Mounting plugin LinuxDeviceProfileSelector
LogPluginManager: Mounting plugin LocationServicesBPLibrary
LogPluginManager: Mounting plugin MobilePatchingUtils
LogPluginManager: Mounting plugin OculusVR
LogPluginManager: Mounting plugin PhysXVehicles
LogPluginManager: Mounting plugin ProceduralMeshComponent
LogPluginManager: Mounting plugin RuntimePhysXCooking
LogPluginManager: Mounting plugin SteamVR
LogPluginManager: Mounting plugin WebMMoviePlayer
LogPluginManager: Mounting plugin WindowsMoviePlayer
LogStreaming: Display: Took  0.091s to configure plugins.
LogInit: Using libcurl 7.55.1-DEV
LogInit:  - built for x86_64-pc-win32
LogInit:  - supports SSL with OpenSSL/1.0.2h
LogInit:  - supports HTTP deflate (compression) using libz 1.2.8
LogInit:  - other features:
LogInit:      CURL_VERSION_SSL
LogInit:      CURL_VERSION_LIBZ
LogInit:      CURL_VERSION_IPV6
LogInit:      CURL_VERSION_ASYNCHDNS
LogInit:      CURL_VERSION_LARGEFILE
LogInit:      CURL_VERSION_IDN
LogInit:  CurlRequestOptions (configurable via config and command line):
LogInit:  - bVerifyPeer = true  - Libcurl will verify peer certificate
LogInit:  - bUseHttpProxy = false  - Libcurl will NOT use HTTP proxy
LogInit:  - bDontReuseConnections = false  - Libcurl will reuse connections
LogInit:  - MaxHostConnections = 16  - Libcurl will limit the number of connections to a host
LogInit:  - LocalHostAddr = Default
LogInit:  - BufferSize = 65536
LogInit: WinSock: version 1.1 (2.2), MaxSocks=32767, MaxUdp=65467
LogInit: Build: ++UE4+Release-4.21-CL-4753647
LogInit: Engine Version: 4.21.2-4753647+++UE4+Release-4.21
LogInit: Compatible Engine Version: 4.21.0-4541578+++UE4+Release-4.21
LogInit: Net CL: 4541578
LogInit: OS: Windows 10 (), CPU: Intel(R) Core(TM) i7-8700 CPU @ 3.20GHz, GPU: NVIDIA GeForce GTX 1070 Ti
LogInit: Compiled (64-bit): Jan 19 2019 02:07:31
LogInit: Compiled with Visual C++: 19.13.26129.00
LogInit: Build Configuration: Development
LogInit: Branch Name: ++UE4+Release-4.21
LogInit: Command Line: 
LogInit: Base Directory: D:/Program Files/Epic Games/UE_4.21/Engine/Binaries/Win64/
LogInit: Installed Engine Build: 1
LogDevObjectVersion: Number of dev versions registered: 22
LogDevObjectVersion:   Dev-Blueprints (B0D832E4-1F89-4F0D-ACCF-7EB736FD4AA2): 10
LogDevObjectVersion:   Dev-Build (E1C64328-A22C-4D53-A36C-8E866417BD8C): 0
LogDevObjectVersion:   Dev-Core (375EC13C-06E4-48FB-B500-84F0262A717E): 2
LogDevObjectVersion:   Dev-Editor (E4B068ED-F494-42E9-A231-DA0B2E46BB41): 26
LogDevObjectVersion:   Dev-Framework (CFFC743F-43B0-4480-9391-14DF171D2073): 34
LogDevObjectVersion:   Dev-Mobile (B02B49B5-BB20-44E9-A304-32B752E40360): 2
LogDevObjectVersion:   Dev-Networking (A4E4105C-59A1-49B5-A7C5-40C4547EDFEE): 0
LogDevObjectVersion:   Dev-Online (39C831C9-5AE6-47DC-9A44-9C173E1C8E7C): 0
LogDevObjectVersion:   Dev-Physics (78F01B33-EBEA-4F98-B9B4-84EACCB95AA2): 0
LogDevObjectVersion:   Dev-Platform (6631380F-2D4D-43E0-8009-CF276956A95A): 0
LogDevObjectVersion:   Dev-Rendering (12F88B9F-8875-4AFC-A67C-D90C383ABD29): 27
LogDevObjectVersion:   Dev-Sequencer (7B5AE74C-D270-4C10-A958-57980B212A5A): 9
LogDevObjectVersion:   Dev-VR (D7296918-1DD6-4BDD-9DE2-64A83CC13884): 2
LogDevObjectVersion:   Dev-LoadTimes (C2A15278-BFE7-4AFE-6C17-90FF531DF755): 1
LogDevObjectVersion:   Private-Geometry (6EACA3D4-40EC-4CC1-B786-8BED09428FC5): 3
LogDevObjectVersion:   Dev-AnimPhys (29E575DD-E0A3-4627-9D10-D276232CDCEA): 17
LogDevObjectVersion:   Dev-Anim (AF43A65D-7FD3-4947-9873-3E8ED9C1BB05): 2
LogDevObjectVersion:   Dev-ReflectionCapture (6B266CEC-1EC7-4B8F-A30B-E4D90942FC07): 1
LogDevObjectVersion:   Dev-Automation (0DF73D61-A23F-47EA-B727-89E90C41499A): 1
LogDevObjectVersion:   FortniteMain (601D1886-AC64-4F84-AA16-D3DE0DEAC7D6): 17
LogDevObjectVersion:   Dev-Enterprise (9DFFBCD6-494F-0158-E221-12823C92A888): 4
LogDevObjectVersion:   Dev-Niagara (F2AED0AC-9AFE-416F-8664-AA7FFA26D6FC): 1
LogStreaming: Display: Took  0.001s to delete old logs.
LogInit: Presizing for max 8388607 objects, including 0 objects not considered by GC, pre-allocating 0 bytes for permanent pool.
LogInit: Object subsystem initialized
LogConfig: Setting CVar [[con.DebugEarlyDefault:1]]
LogConfig: Setting CVar [[r.setres:1280x720]]
[2019.02.07-14.38.31:677][  0]LogConfig: Setting CVar [[r.VSync:0]]
[2019.02.07-14.38.31:677][  0]LogConfig: Setting CVar [[r.RHICmdBypass:0]]
[2019.02.07-14.38.31:677][  0]LogConfig: Applying CVar settings from Section [/Script/Engine.RendererSettings] File [E:/GitHub/game-lab/GameLab19/Saved/Config/Windows/Engine.ini]
[2019.02.07-14.38.31:677][  0]LogConfig: Setting CVar [[r.GPUCrashDebugging:0]]
[2019.02.07-14.38.31:677][  0]LogConfig: Applying CVar settings from Section [/Script/Engine.RendererOverrideSettings] File [E:/GitHub/game-lab/GameLab19/Saved/Config/Windows/Engine.ini]
[2019.02.07-14.38.31:677][  0]LogConfig: Applying CVar settings from Section [/Script/Engine.StreamingSettings] File [E:/GitHub/game-lab/GameLab19/Saved/Config/Windows/Engine.ini]
[2019.02.07-14.38.31:677][  0]LogConfig: Setting CVar [[s.MinBulkDataSizeForAsyncLoading:131072]]
[2019.02.07-14.38.31:677][  0]LogConfig: Setting CVar [[s.AsyncLoadingThreadEnabled:0]]
[2019.02.07-14.38.31:677][  0]LogConfig: Setting CVar [[s.EventDrivenLoaderEnabled:1]]
[2019.02.07-14.38.31:677][  0]LogConfig: Setting CVar [[s.WarnIfTimeLimitExceeded:0]]
[2019.02.07-14.38.31:677][  0]LogConfig: Setting CVar [[s.TimeLimitExceededMultiplier:1.5]]
[2019.02.07-14.38.31:677][  0]LogConfig: Setting CVar [[s.TimeLimitExceededMinTime:0.005]]
[2019.02.07-14.38.31:677][  0]LogConfig: Setting CVar [[s.UseBackgroundLevelStreaming:1]]
[2019.02.07-14.38.31:677][  0]LogConfig: Setting CVar [[s.PriorityAsyncLoadingExtraTime:15.0]]
[2019.02.07-14.38.31:677][  0]LogConfig: Setting CVar [[s.LevelStreamingActorsUpdateTimeLimit:5.0]]
[2019.02.07-14.38.31:677][  0]LogConfig: Setting CVar [[s.PriorityLevelStreamingActorsUpdateExtraTime:5.0]]
[2019.02.07-14.38.31:677][  0]LogConfig: Setting CVar [[s.LevelStreamingComponentsRegistrationGranularity:10]]
[2019.02.07-14.38.31:677][  0]LogConfig: Setting CVar [[s.UnregisterComponentsTimeLimit:1.0]]
[2019.02.07-14.38.31:677][  0]LogConfig: Setting CVar [[s.LevelStreamingComponentsUnregistrationGranularity:5]]
[2019.02.07-14.38.31:677][  0]LogConfig: Applying CVar settings from Section [/Script/Engine.GarbageCollectionSettings] File [E:/GitHub/game-lab/GameLab19/Saved/Config/Windows/Engine.ini]
[2019.02.07-14.38.31:677][  0]LogConfig: Setting CVar [[gc.MaxObjectsNotConsideredByGC:1]]
[2019.02.07-14.38.31:677][  0]LogConfig: Setting CVar [[gc.SizeOfPermanentObjectPool:0]]
[2019.02.07-14.38.31:677][  0]LogConfig: Setting CVar [[gc.FlushStreamingOnGC:0]]
[2019.02.07-14.38.31:677][  0]LogConfig: Setting CVar [[gc.NumRetriesBeforeForcingGC:10]]
[2019.02.07-14.38.31:677][  0]LogConfig: Setting CVar [[gc.AllowParallelGC:1]]
[2019.02.07-14.38.31:677][  0]LogConfig: Setting CVar [[gc.TimeBetweenPurgingPendingKillObjects:61.1]]
[2019.02.07-14.38.31:677][  0]LogConfig: Setting CVar [[gc.MaxObjectsInEditor:8388607]]
[2019.02.07-14.38.31:677][  0]LogConfig: Setting CVar [[gc.IncrementalBeginDestroyEnabled:1]]
[2019.02.07-14.38.31:677][  0]LogConfig: Setting CVar [[gc.CreateGCClusters:1]]
[2019.02.07-14.38.31:677][  0]LogConfig: Setting CVar [[gc.MergeGCClusters:0]]
[2019.02.07-14.38.31:677][  0]LogConfig: Setting CVar [[gc.MinGCClusterSize:5]]
[2019.02.07-14.38.31:677][  0]LogConfig: Setting CVar [[gc.ActorClusteringEnabled:0]]
[2019.02.07-14.38.31:677][  0]LogConfig: Setting CVar [[gc.BlueprintClusteringEnabled:0]]
[2019.02.07-14.38.31:677][  0]LogConfig: Setting CVar [[gc.UseDisregardForGCOnDedicatedServers:0]]
[2019.02.07-14.38.31:677][  0]LogConfig: Applying CVar settings from Section [/Script/Engine.NetworkSettings] File [E:/GitHub/game-lab/GameLab19/Saved/Config/Windows/Engine.ini]
[2019.02.07-14.38.31:677][  0]LogConfig: Applying CVar settings from Section [/Script/UnrealEd.CookerSettings] File [E:/GitHub/game-lab/GameLab19/Saved/Config/Windows/Engine.ini]
[2019.02.07-14.38.31:679][  0]LogConfig: Applying CVar settings from Section [ViewDistanceQuality@3] File [E:/GitHub/game-lab/GameLab19/Saved/Config/Windows/Scalability.ini]
[2019.02.07-14.38.31:679][  0]LogConfig: Setting CVar [[r.SkeletalMeshLODBias:0]]
[2019.02.07-14.38.31:679][  0]LogConfig: Setting CVar [[r.ViewDistanceScale:1.0]]
[2019.02.07-14.38.31:679][  0]LogConfig: Applying CVar settings from Section [AntiAliasingQuality@3] File [E:/GitHub/game-lab/GameLab19/Saved/Config/Windows/Scalability.ini]
[2019.02.07-14.38.31:679][  0]LogConfig: Setting CVar [[r.PostProcessAAQuality:4]]
[2019.02.07-14.38.31:679][  0]LogConfig: Applying CVar settings from Section [ShadowQuality@3] File [E:/GitHub/game-lab/GameLab19/Saved/Config/Windows/Scalability.ini]
[2019.02.07-14.38.31:679][  0]LogConfig: Setting CVar [[r.LightFunctionQuality:1]]
[2019.02.07-14.38.31:679][  0]LogConfig: Setting CVar [[r.ShadowQuality:5]]
[2019.02.07-14.38.31:679][  0]LogConfig: Setting CVar [[r.Shadow.CSM.MaxCascades:10]]
[2019.02.07-14.38.31:680][  0]LogConfig: Setting CVar [[r.Shadow.MaxResolution:2048]]
[2019.02.07-14.38.31:680][  0]LogConfig: Setting CVar [[r.Shadow.MaxCSMResolution:2048]]
[2019.02.07-14.38.31:680][  0]LogConfig: Setting CVar [[r.Shadow.RadiusThreshold:0.01]]
[2019.02.07-14.38.31:680][  0]LogConfig: Setting CVar [[r.Shadow.DistanceScale:1.0]]
[2019.02.07-14.38.31:680][  0]LogConfig: Setting CVar [[r.Shadow.CSM.TransitionScale:1.0]]
[2019.02.07-14.38.31:680][  0]LogConfig: Setting CVar [[r.Shadow.PreShadowResolutionFactor:1.0]]
[2019.02.07-14.38.31:680][  0]LogConfig: Setting CVar [[r.DistanceFieldShadowing:1]]
[2019.02.07-14.38.31:680][  0]LogConfig: Setting CVar [[r.DistanceFieldAO:1]]
[2019.02.07-14.38.31:680][  0]LogConfig: Setting CVar [[r.AOQuality:2]]
[2019.02.07-14.38.31:680][  0]LogConfig: Setting CVar [[r.VolumetricFog:1]]
[2019.02.07-14.38.31:680][  0]LogConfig: Setting CVar [[r.VolumetricFog.GridPixelSize:8]]
[2019.02.07-14.38.31:680][  0]LogConfig: Setting CVar [[r.VolumetricFog.GridSizeZ:128]]
[2019.02.07-14.38.31:680][  0]LogConfig: Setting CVar [[r.VolumetricFog.HistoryMissSupersampleCount:4]]
[2019.02.07-14.38.31:680][  0]LogConfig: Setting CVar [[r.LightMaxDrawDistanceScale:1]]
[2019.02.07-14.38.31:680][  0]LogConfig: Setting CVar [[r.CapsuleShadows:1]]
[2019.02.07-14.38.31:680][  0]LogConfig: Applying CVar settings from Section [PostProcessQuality@3] File [E:/GitHub/game-lab/GameLab19/Saved/Config/Windows/Scalability.ini]
[2019.02.07-14.38.31:680][  0]LogConfig: Setting CVar [[r.MotionBlurQuality:4]]
[2019.02.07-14.38.31:680][  0]LogConfig: Setting CVar [[r.AmbientOcclusionMipLevelFactor:0.4]]
[2019.02.07-14.38.31:680][  0]LogConfig: Setting CVar [[r.AmbientOcclusionMaxQuality:100]]
[2019.02.07-14.38.31:680][  0]LogConfig: Setting CVar [[r.AmbientOcclusionLevels:-1]]
[2019.02.07-14.38.31:680][  0]LogConfig: Setting CVar [[r.AmbientOcclusionRadiusScale:1.0]]
[2019.02.07-14.38.31:680][  0]LogConfig: Setting CVar [[r.DepthOfFieldQuality:2]]
[2019.02.07-14.38.31:680][  0]LogConfig: Setting CVar [[r.RenderTargetPoolMin:400]]
[2019.02.07-14.38.31:680][  0]LogConfig: Setting CVar [[r.LensFlareQuality:2]]
[2019.02.07-14.38.31:680][  0]LogConfig: Setting CVar [[r.SceneColorFringeQuality:1]]
[2019.02.07-14.38.31:680][  0]LogConfig: Setting CVar [[r.EyeAdaptationQuality:2]]
[2019.02.07-14.38.31:680][  0]LogConfig: Setting CVar [[r.BloomQuality:5]]
[2019.02.07-14.38.31:680][  0]LogConfig: Setting CVar [[r.FastBlurThreshold:100]]
[2019.02.07-14.38.31:680][  0]LogConfig: Setting CVar [[r.Upscale.Quality:3]]
[2019.02.07-14.38.31:680][  0]LogConfig: Setting CVar [[r.Tonemapper.GrainQuantization:1]]
[2019.02.07-14.38.31:680][  0]LogConfig: Setting CVar [[r.LightShaftQuality:1]]
[2019.02.07-14.38.31:680][  0]LogConfig: Setting CVar [[r.Filter.SizeScale:1]]
[2019.02.07-14.38.31:680][  0]LogConfig: Setting CVar [[r.Tonemapper.Quality:5]]
[2019.02.07-14.38.31:680][  0]LogConfig: Setting CVar [[r.DOF.Gather.AccumulatorQuality:1        ; higher gathering accumulator quality]]
[2019.02.07-14.38.31:680][  0]LogConfig: Setting CVar [[r.DOF.Gather.PostfilterMethod:1          ; Median3x3 postfilering method]]
[2019.02.07-14.38.31:680][  0]LogConfig: Setting CVar [[r.DOF.Gather.EnableBokehSettings:0       ; no bokeh simulation when gathering]]
[2019.02.07-14.38.31:680][  0]LogConfig: Setting CVar [[r.DOF.Gather.RingCount:4                 ; medium number of samples when gathering]]
[2019.02.07-14.38.31:680][  0]LogConfig: Setting CVar [[r.DOF.Scatter.ForegroundCompositing:1    ; additive foreground scattering]]
[2019.02.07-14.38.31:680][  0]LogConfig: Setting CVar [[r.DOF.Scatter.BackgroundCompositing:2    ; additive background scattering]]
[2019.02.07-14.38.31:680][  0]LogConfig: Setting CVar [[r.DOF.Scatter.EnableBokehSettings:1      ; bokeh simulation when scattering]]
[2019.02.07-14.38.31:680][  0]LogConfig: Setting CVar [[r.DOF.Scatter.MaxSpriteRatio:0.1         ; only a maximum of 10% of scattered bokeh]]
[2019.02.07-14.38.31:680][  0]LogConfig: Setting CVar [[r.DOF.Recombine.Quality:1                ; cheap slight out of focus]]
[2019.02.07-14.38.31:680][  0]LogConfig: Setting CVar [[r.DOF.Recombine.EnableBokehSettings:0    ; no bokeh simulation on slight out of focus]]
[2019.02.07-14.38.31:680][  0]LogConfig: Setting CVar [[r.DOF.TemporalAAQuality:1                ; more stable temporal accumulation]]
[2019.02.07-14.38.31:680][  0]LogConfig: Setting CVar [[r.DOF.Kernel.MaxForegroundRadius:0.025]]
[2019.02.07-14.38.31:680][  0]LogConfig: Setting CVar [[r.DOF.Kernel.MaxBackgroundRadius:0.025]]
[2019.02.07-14.38.31:680][  0]LogConfig: Applying CVar settings from Section [TextureQuality@3] File [E:/GitHub/game-lab/GameLab19/Saved/Config/Windows/Scalability.ini]
[2019.02.07-14.38.31:680][  0]LogConfig: Setting CVar [[r.Streaming.MipBias:0]]
[2019.02.07-14.38.31:680][  0]LogConfig: Setting CVar [[r.Streaming.AmortizeCPUToGPUCopy:0]]
[2019.02.07-14.38.31:680][  0]LogConfig: Setting CVar [[r.Streaming.MaxNumTexturesToStreamPerFrame:0]]
[2019.02.07-14.38.31:680][  0]LogConfig: Setting CVar [[r.Streaming.Boost:1]]
[2019.02.07-14.38.31:680][  0]LogConfig: Setting CVar [[r.MaxAnisotropy:8]]
[2019.02.07-14.38.31:680][  0]LogConfig: Setting CVar [[r.Streaming.LimitPoolSizeToVRAM:0]]
[2019.02.07-14.38.31:680][  0]LogConfig: Setting CVar [[r.Streaming.PoolSize:1000]]
[2019.02.07-14.38.31:680][  0]LogConfig: Setting CVar [[r.Streaming.MaxEffectiveScreenSize:0]]
[2019.02.07-14.38.31:680][  0]LogConfig: Applying CVar settings from Section [EffectsQuality@3] File [E:/GitHub/game-lab/GameLab19/Saved/Config/Windows/Scalability.ini]
[2019.02.07-14.38.31:680][  0]LogConfig: Setting CVar [[r.TranslucencyLightingVolumeDim:64]]
[2019.02.07-14.38.31:680][  0]LogConfig: Setting CVar [[r.RefractionQuality:2]]
[2019.02.07-14.38.31:680][  0]LogConfig: Setting CVar [[r.SSR.Quality:3]]
[2019.02.07-14.38.31:680][  0]LogConfig: Setting CVar [[r.SceneColorFormat:4]]
[2019.02.07-14.38.31:680][  0]LogConfig: Setting CVar [[r.DetailMode:2]]
[2019.02.07-14.38.31:680][  0]LogConfig: Setting CVar [[r.TranslucencyVolumeBlur:1]]
[2019.02.07-14.38.31:680][  0]LogConfig: Setting CVar [[r.MaterialQualityLevel:1 ; High quality]]
[2019.02.07-14.38.31:680][  0]LogConfig: Setting CVar [[r.SSS.Scale:1]]
[2019.02.07-14.38.31:680][  0]LogConfig: Setting CVar [[r.SSS.SampleSet:2]]
[2019.02.07-14.38.31:680][  0]LogConfig: Setting CVar [[r.SSS.Quality:1]]
[2019.02.07-14.38.31:680][  0]LogConfig: Setting CVar [[r.SSS.HalfRes:1]]
[2019.02.07-14.38.31:680][  0]LogConfig: Setting CVar [[r.EmitterSpawnRateScale:1.0]]
[2019.02.07-14.38.31:680][  0]LogConfig: Setting CVar [[r.ParticleLightQuality:2]]
[2019.02.07-14.38.31:680][  0]LogConfig: Applying CVar settings from Section [FoliageQuality@3] File [E:/GitHub/game-lab/GameLab19/Saved/Config/Windows/Scalability.ini]
[2019.02.07-14.38.31:680][  0]LogConfig: Setting CVar [[foliage.DensityScale:1.0]]
[2019.02.07-14.38.31:680][  0]LogConfig: Setting CVar [[grass.DensityScale:1.0]]
[2019.02.07-14.38.31:680][  0]LogInit: Selected Device Profile: [Windows]
[2019.02.07-14.38.31:680][  0]LogInit: Applying CVar settings loaded from the selected device profile: [Windows]
[2019.02.07-14.38.31:687][  0]LogHAL: Display: Platform has ~ 16 GB [17119379456 / 17179869184 / 16], which maps to Larger [LargestMinGB=32, LargerMinGB=12, DefaultMinGB=8, SmallerMinGB=6, SmallestMinGB=0)
[2019.02.07-14.38.31:687][  0]LogConfig: Setting CVar [[r.Vulkan.UseRealUBs:1]]
[2019.02.07-14.38.31:687][  0]LogInit: Going up to parent DeviceProfile []
[2019.02.07-14.38.31:687][  0]LogConfig: Applying CVar settings from Section [ViewDistanceQuality@3] File [E:/GitHub/game-lab/GameLab19/Saved/Config/Windows/Scalability.ini]
[2019.02.07-14.38.31:687][  0]LogConfig: Setting CVar [[r.SkeletalMeshLODBias:0]]
[2019.02.07-14.38.31:687][  0]LogConfig: Setting CVar [[r.ViewDistanceScale:1.0]]
[2019.02.07-14.38.31:687][  0]LogConfig: Applying CVar settings from Section [AntiAliasingQuality@3] File [E:/GitHub/game-lab/GameLab19/Saved/Config/Windows/Scalability.ini]
[2019.02.07-14.38.31:687][  0]LogConfig: Setting CVar [[r.PostProcessAAQuality:4]]
[2019.02.07-14.38.31:687][  0]LogConfig: Applying CVar settings from Section [ShadowQuality@3] File [E:/GitHub/game-lab/GameLab19/Saved/Config/Windows/Scalability.ini]
[2019.02.07-14.38.31:687][  0]LogConfig: Setting CVar [[r.LightFunctionQuality:1]]
[2019.02.07-14.38.31:687][  0]LogConfig: Setting CVar [[r.ShadowQuality:5]]
[2019.02.07-14.38.31:687][  0]LogConfig: Setting CVar [[r.Shadow.CSM.MaxCascades:10]]
[2019.02.07-14.38.31:687][  0]LogConfig: Setting CVar [[r.Shadow.MaxResolution:2048]]
[2019.02.07-14.38.31:687][  0]LogConfig: Setting CVar [[r.Shadow.MaxCSMResolution:2048]]
[2019.02.07-14.38.31:687][  0]LogConfig: Setting CVar [[r.Shadow.RadiusThreshold:0.01]]
[2019.02.07-14.38.31:687][  0]LogConfig: Setting CVar [[r.Shadow.DistanceScale:1.0]]
[2019.02.07-14.38.31:687][  0]LogConfig: Setting CVar [[r.Shadow.CSM.TransitionScale:1.0]]
[2019.02.07-14.38.31:687][  0]LogConfig: Setting CVar [[r.Shadow.PreShadowResolutionFactor:1.0]]
[2019.02.07-14.38.31:687][  0]LogConfig: Setting CVar [[r.DistanceFieldShadowing:1]]
[2019.02.07-14.38.31:687][  0]LogConfig: Setting CVar [[r.DistanceFieldAO:1]]
[2019.02.07-14.38.31:687][  0]LogConfig: Setting CVar [[r.AOQuality:2]]
[2019.02.07-14.38.31:687][  0]LogConfig: Setting CVar [[r.VolumetricFog:1]]
[2019.02.07-14.38.31:687][  0]LogConfig: Setting CVar [[r.VolumetricFog.GridPixelSize:8]]
[2019.02.07-14.38.31:687][  0]LogConfig: Setting CVar [[r.VolumetricFog.GridSizeZ:128]]
[2019.02.07-14.38.31:687][  0]LogConfig: Setting CVar [[r.VolumetricFog.HistoryMissSupersampleCount:4]]
[2019.02.07-14.38.31:687][  0]LogConfig: Setting CVar [[r.LightMaxDrawDistanceScale:1]]
[2019.02.07-14.38.31:687][  0]LogConfig: Setting CVar [[r.CapsuleShadows:1]]
[2019.02.07-14.38.31:687][  0]LogConfig: Applying CVar settings from Section [PostProcessQuality@3] File [E:/GitHub/game-lab/GameLab19/Saved/Config/Windows/Scalability.ini]
[2019.02.07-14.38.31:687][  0]LogConfig: Setting CVar [[r.MotionBlurQuality:4]]
[2019.02.07-14.38.31:687][  0]LogConfig: Setting CVar [[r.AmbientOcclusionMipLevelFactor:0.4]]
[2019.02.07-14.38.31:687][  0]LogConfig: Setting CVar [[r.AmbientOcclusionMaxQuality:100]]
[2019.02.07-14.38.31:687][  0]LogConfig: Setting CVar [[r.AmbientOcclusionLevels:-1]]
[2019.02.07-14.38.31:687][  0]LogConfig: Setting CVar [[r.AmbientOcclusionRadiusScale:1.0]]
[2019.02.07-14.38.31:687][  0]LogConfig: Setting CVar [[r.DepthOfFieldQuality:2]]
[2019.02.07-14.38.31:687][  0]LogConfig: Setting CVar [[r.RenderTargetPoolMin:400]]
[2019.02.07-14.38.31:687][  0]LogConfig: Setting CVar [[r.LensFlareQuality:2]]
[2019.02.07-14.38.31:687][  0]LogConfig: Setting CVar [[r.SceneColorFringeQuality:1]]
[2019.02.07-14.38.31:687][  0]LogConfig: Setting CVar [[r.EyeAdaptationQuality:2]]
[2019.02.07-14.38.31:687][  0]LogConfig: Setting CVar [[r.BloomQuality:5]]
[2019.02.07-14.38.31:687][  0]LogConfig: Setting CVar [[r.FastBlurThreshold:100]]
[2019.02.07-14.38.31:687][  0]LogConfig: Setting CVar [[r.Upscale.Quality:3]]
[2019.02.07-14.38.31:687][  0]LogConfig: Setting CVar [[r.Tonemapper.GrainQuantization:1]]
[2019.02.07-14.38.31:687][  0]LogConfig: Setting CVar [[r.LightShaftQuality:1]]
[2019.02.07-14.38.31:687][  0]LogConfig: Setting CVar [[r.Filter.SizeScale:1]]
[2019.02.07-14.38.31:687][  0]LogConfig: Setting CVar [[r.Tonemapper.Quality:5]]
[2019.02.07-14.38.31:687][  0]LogConfig: Setting CVar [[r.DOF.Gather.AccumulatorQuality:1        ; higher gathering accumulator quality]]
[2019.02.07-14.38.31:687][  0]LogConfig: Setting CVar [[r.DOF.Gather.PostfilterMethod:1          ; Median3x3 postfilering method]]
[2019.02.07-14.38.31:687][  0]LogConfig: Setting CVar [[r.DOF.Gather.EnableBokehSettings:0       ; no bokeh simulation when gathering]]
[2019.02.07-14.38.31:687][  0]LogConfig: Setting CVar [[r.DOF.Gather.RingCount:4                 ; medium number of samples when gathering]]
[2019.02.07-14.38.31:687][  0]LogConfig: Setting CVar [[r.DOF.Scatter.ForegroundCompositing:1    ; additive foreground scattering]]
[2019.02.07-14.38.31:687][  0]LogConfig: Setting CVar [[r.DOF.Scatter.BackgroundCompositing:2    ; additive background scattering]]
[2019.02.07-14.38.31:687][  0]LogConfig: Setting CVar [[r.DOF.Scatter.EnableBokehSettings:1      ; bokeh simulation when scattering]]
[2019.02.07-14.38.31:687][  0]LogConfig: Setting CVar [[r.DOF.Scatter.MaxSpriteRatio:0.1         ; only a maximum of 10% of scattered bokeh]]
[2019.02.07-14.38.31:687][  0]LogConfig: Setting CVar [[r.DOF.Recombine.Quality:1                ; cheap slight out of focus]]
[2019.02.07-14.38.31:687][  0]LogConfig: Setting CVar [[r.DOF.Recombine.EnableBokehSettings:0    ; no bokeh simulation on slight out of focus]]
[2019.02.07-14.38.31:687][  0]LogConfig: Setting CVar [[r.DOF.TemporalAAQuality:1                ; more stable temporal accumulation]]
[2019.02.07-14.38.31:687][  0]LogConfig: Setting CVar [[r.DOF.Kernel.MaxForegroundRadius:0.025]]
[2019.02.07-14.38.31:687][  0]LogConfig: Setting CVar [[r.DOF.Kernel.MaxBackgroundRadius:0.025]]
[2019.02.07-14.38.31:687][  0]LogConfig: Applying CVar settings from Section [TextureQuality@3] File [E:/GitHub/game-lab/GameLab19/Saved/Config/Windows/Scalability.ini]
[2019.02.07-14.38.31:687][  0]LogConfig: Setting CVar [[r.Streaming.MipBias:0]]
[2019.02.07-14.38.31:687][  0]LogConfig: Setting CVar [[r.Streaming.AmortizeCPUToGPUCopy:0]]
[2019.02.07-14.38.31:687][  0]LogConfig: Setting CVar [[r.Streaming.MaxNumTexturesToStreamPerFrame:0]]
[2019.02.07-14.38.31:687][  0]LogConfig: Setting CVar [[r.Streaming.Boost:1]]
[2019.02.07-14.38.31:687][  0]LogConfig: Setting CVar [[r.MaxAnisotropy:8]]
[2019.02.07-14.38.31:687][  0]LogConfig: Setting CVar [[r.Streaming.LimitPoolSizeToVRAM:0]]
[2019.02.07-14.38.31:687][  0]LogConfig: Setting CVar [[r.Streaming.PoolSize:1000]]
[2019.02.07-14.38.31:687][  0]LogConfig: Setting CVar [[r.Streaming.MaxEffectiveScreenSize:0]]
[2019.02.07-14.38.31:687][  0]LogConfig: Applying CVar settings from Section [EffectsQuality@3] File [E:/GitHub/game-lab/GameLab19/Saved/Config/Windows/Scalability.ini]
[2019.02.07-14.38.31:687][  0]LogConfig: Setting CVar [[r.TranslucencyLightingVolumeDim:64]]
[2019.02.07-14.38.31:687][  0]LogConfig: Setting CVar [[r.RefractionQuality:2]]
[2019.02.07-14.38.31:687][  0]LogConfig: Setting CVar [[r.SSR.Quality:3]]
[2019.02.07-14.38.31:687][  0]LogConfig: Setting CVar [[r.SceneColorFormat:4]]
[2019.02.07-14.38.31:687][  0]LogConfig: Setting CVar [[r.DetailMode:2]]
[2019.02.07-14.38.31:687][  0]LogConfig: Setting CVar [[r.TranslucencyVolumeBlur:1]]
[2019.02.07-14.38.31:687][  0]LogConfig: Setting CVar [[r.MaterialQualityLevel:1 ; High quality]]
[2019.02.07-14.38.31:687][  0]LogConfig: Setting CVar [[r.SSS.Scale:1]]
[2019.02.07-14.38.31:687][  0]LogConfig: Setting CVar [[r.SSS.SampleSet:2]]
[2019.02.07-14.38.31:687][  0]LogConfig: Setting CVar [[r.SSS.Quality:1]]
[2019.02.07-14.38.31:687][  0]LogConfig: Setting CVar [[r.SSS.HalfRes:1]]
[2019.02.07-14.38.31:687][  0]LogConfig: Setting CVar [[r.EmitterSpawnRateScale:1.0]]
[2019.02.07-14.38.31:687][  0]LogConfig: Setting CVar [[r.ParticleLightQuality:2]]
[2019.02.07-14.38.31:687][  0]LogConfig: Applying CVar settings from Section [FoliageQuality@3] File [E:/GitHub/game-lab/GameLab19/Saved/Config/Windows/Scalability.ini]
[2019.02.07-14.38.31:687][  0]LogConfig: Setting CVar [[foliage.DensityScale:1.0]]
[2019.02.07-14.38.31:687][  0]LogConfig: Setting CVar [[grass.DensityScale:1.0]]
[2019.02.07-14.38.31:687][  0]LogConfig: Applying CVar settings from Section [Startup] File [../../../Engine/Config/ConsoleVariables.ini]
[2019.02.07-14.38.31:688][  0]LogConfig: Setting CVar [[net.UseAdaptiveNetUpdateFrequency:0]]
[2019.02.07-14.38.31:688][  0]LogConfig: Applying CVar settings from Section [ConsoleVariables] File [E:/GitHub/game-lab/GameLab19/Saved/Config/Windows/Engine.ini]
[2019.02.07-14.38.31:688][  0]LogInit: Computer: DESKTOP-YIHE
[2019.02.07-14.38.31:688][  0]LogInit: User: zhang
[2019.02.07-14.38.31:688][  0]LogInit: CPU Page size=4096, Cores=6
[2019.02.07-14.38.31:688][  0]LogInit: High frequency timer resolution =3.117188 MHz
[2019.02.07-14.38.31:688][  0]LogMemory: Memory total: Physical=15.9GB (16GB approx)
[2019.02.07-14.38.31:688][  0]LogMemory: Platform Memory Stats for Windows
[2019.02.07-14.38.31:688][  0]LogMemory: Process Physical Memory: 103.66 MB used, 103.66 MB peak
[2019.02.07-14.38.31:688][  0]LogMemory: Process Virtual Memory: 86.41 MB used, 86.41 MB peak
[2019.02.07-14.38.31:688][  0]LogMemory: Physical Memory: 8268.68 MB used,  8057.63 MB free, 16326.31 MB total
[2019.02.07-14.38.31:688][  0]LogMemory: Virtual Memory: 4665.09 MB used,  134213064.00 MB free, 134217728.00 MB total
[2019.02.07-14.38.31:715][  0]LogInit: Overriding language with editor language configuration option (en).
[2019.02.07-14.38.31:715][  0]LogInit: Overriding locale with editor locale configuration option (en-CA).
[2019.02.07-14.38.31:995][  0]LogStreaming: Display: Took  0.281s to InitEngineTextLocalization.
[2019.02.07-14.38.31:995][  0]LogInit: Setting process to per monitor DPI aware
[2019.02.07-14.38.32:018][  0]LogSlate: New Slate User Created.  User Index 0, Is Virtual User: 0
[2019.02.07-14.38.32:018][  0]LogSlate: Slate User Registered.  User Index 0, Is Virtual User: 0
[2019.02.07-14.38.32:274][  0]LogHMD: Failed to initialize OpenVR with code 110
[2019.02.07-14.38.32:274][  0]LogD3D11RHI: D3D11 adapters:
[2019.02.07-14.38.32:339][  0]LogD3D11RHI:    0. 'NVIDIA GeForce GTX 1070 Ti' (Feature Level 11_0)
[2019.02.07-14.38.32:339][  0]LogD3D11RHI:       8080/0/8163 MB DedicatedVideo/DedicatedSystem/SharedSystem, Outputs:1, VendorId:0x10de
[2019.02.07-14.38.32:342][  0]LogD3D11RHI:    1. 'Microsoft Basic Render Driver' (Feature Level 11_0)
[2019.02.07-14.38.32:342][  0]LogD3D11RHI:       0/0/8163 MB DedicatedVideo/DedicatedSystem/SharedSystem, Outputs:0, VendorId:0x1414
[2019.02.07-14.38.32:342][  0]LogD3D11RHI: Chosen D3D11 Adapter: 0
[2019.02.07-14.38.32:348][  0]LogD3D11RHI: Creating new Direct3DDevice
[2019.02.07-14.38.32:348][  0]LogD3D11RHI:     GPU DeviceId: 0x1b82 (for the marketing name, search the web for "GPU Device Id")
[2019.02.07-14.38.32:348][  0]LogWindows: EnumDisplayDevices:
[2019.02.07-14.38.32:348][  0]LogWindows:    0. 'NVIDIA GeForce GTX 1070 Ti' (P:1 D:1)
[2019.02.07-14.38.32:349][  0]LogWindows:    1. 'NVIDIA GeForce GTX 1070 Ti' (P:0 D:0)
[2019.02.07-14.38.32:349][  0]LogWindows:    2. 'NVIDIA GeForce GTX 1070 Ti' (P:0 D:0)
[2019.02.07-14.38.32:349][  0]LogWindows:    3. 'NVIDIA GeForce GTX 1070 Ti' (P:0 D:0)
[2019.02.07-14.38.32:350][  0]LogWindows: DebugString: FoundDriverCount:4 
[2019.02.07-14.38.32:350][  0]LogD3D11RHI:     Adapter Name: NVIDIA GeForce GTX 1070 Ti
[2019.02.07-14.38.32:350][  0]LogD3D11RHI:   Driver Version: 417.35 (internal:25.21.14.1735, unified:417.35)
[2019.02.07-14.38.32:350][  0]LogD3D11RHI:      Driver Date: 12-11-2018
[2019.02.07-14.38.32:350][  0]LogRHI: Texture pool is 5656 MB (70% of 8080 MB)
[2019.02.07-14.38.32:390][  0]LogD3D11RHI: Async texture creation enabled
[2019.02.07-14.38.32:415][  0]LogD3D11RHI: GPU Timing Frequency: 1000.000000 (Debug: 2 2)
[2019.02.07-14.38.32:735][  0]LogTemp: Display: Loaded TP AllDesktopTargetPlatform
[2019.02.07-14.38.32:744][  0]LogTemp: Display: Loaded TP MacClientTargetPlatform
[2019.02.07-14.38.32:754][  0]LogTemp: Display: Loaded TP MacNoEditorTargetPlatform
[2019.02.07-14.38.32:764][  0]LogTemp: Display: Loaded TP MacServerTargetPlatform
[2019.02.07-14.38.32:774][  0]LogTemp: Display: Loaded TP MacTargetPlatform
[2019.02.07-14.38.32:784][  0]LogTemp: Display: Loaded TP WindowsClientTargetPlatform
[2019.02.07-14.38.32:793][  0]LogTemp: Display: Loaded TP WindowsNoEditorTargetPlatform
[2019.02.07-14.38.32:803][  0]LogTemp: Display: Loaded TP WindowsServerTargetPlatform
[2019.02.07-14.38.32:807][  0]LogTemp: Display: Loaded TP WindowsTargetPlatform
[2019.02.07-14.38.32:865][  0]LogTemp: Display: Loaded TP AndroidTargetPlatform
[2019.02.07-14.38.32:865][  0]LogTemp: Display: Loaded TP AndroidTargetPlatform
[2019.02.07-14.38.32:865][  0]LogTemp: Display: Loaded TP AndroidTargetPlatform
[2019.02.07-14.38.32:865][  0]LogTemp: Display: Loaded TP AndroidTargetPlatform
[2019.02.07-14.38.32:865][  0]LogTemp: Display: Loaded TP AndroidTargetPlatform
[2019.02.07-14.38.32:865][  0]LogTemp: Display: Loaded TP AndroidTargetPlatform
[2019.02.07-14.38.32:865][  0]LogTemp: Display: Loaded TP AndroidTargetPlatform
[2019.02.07-14.38.32:865][  0]LogTemp: Display: Loaded TP AndroidTargetPlatform
[2019.02.07-14.38.32:865][  0]LogTemp: Display: Loaded TP AndroidTargetPlatform
[2019.02.07-14.38.32:865][  0]LogTemp: Display: Loaded TP AndroidTargetPlatform
[2019.02.07-14.38.32:865][  0]LogTemp: Display: Loaded TP AndroidTargetPlatform
[2019.02.07-14.38.32:865][  0]LogTemp: Display: Loaded TP AndroidTargetPlatform
[2019.02.07-14.38.32:865][  0]LogTemp: Display: Loaded TP AndroidTargetPlatform
[2019.02.07-14.38.32:865][  0]LogTemp: Display: Loaded TP AndroidTargetPlatform
[2019.02.07-14.38.32:865][  0]LogTemp: Display: Loaded TP AndroidTargetPlatform
[2019.02.07-14.38.32:865][  0]LogTemp: Display: Loaded TP AndroidTargetPlatform
[2019.02.07-14.38.32:865][  0]LogTemp: Display: Loaded TP AndroidTargetPlatform
[2019.02.07-14.38.32:865][  0]LogTemp: Display: Loaded TP AndroidTargetPlatform
[2019.02.07-14.38.32:867][  0]LogTemp: Display: Loaded TP HTML5TargetPlatform
[2019.02.07-14.38.32:921][  0]LogTemp: Display: Loaded TP IOSTargetPlatform
[2019.02.07-14.38.32:921][  0]LogTemp: Display: Loaded TP IOSTargetPlatform
[2019.02.07-14.38.32:939][  0]LogTemp: Display: Loaded TP TVOSTargetPlatform
[2019.02.07-14.38.32:939][  0]LogTemp: Display: Loaded TP TVOSTargetPlatform
[2019.02.07-14.38.32:949][  0]LogTemp: Display: Loaded TP LinuxClientTargetPlatform
[2019.02.07-14.38.32:959][  0]LogTemp: Display: Loaded TP LinuxNoEditorTargetPlatform
[2019.02.07-14.38.32:969][  0]LogTemp: Display: Loaded TP LinuxServerTargetPlatform
[2019.02.07-14.38.32:980][  0]LogTemp: Display: Loaded TP LinuxTargetPlatform
[2019.02.07-14.38.33:014][  0]LogTemp: Display: Loaded TP LuminTargetPlatform
[2019.02.07-14.38.33:014][  0]LogTemp: Display: Loaded TP LuminTargetPlatform
[2019.02.07-14.38.33:014][  0]LogTargetPlatformManager: Display: Building Assets For Windows
[2019.02.07-14.38.33:057][  0]LogShaderCompilers: Guid format shader working directory is 18 characters bigger than the processId version (E:/GitHub/game-lab/GameLab19/Intermediate/Shaders/WorkingDirectory/8156/).
[2019.02.07-14.38.33:057][  0]LogShaderCompilers: Cleaned the shader compiler working directory 'C:/Users/zhang/AppData/Local/Temp/UnrealShaderWorkingDir/3637720D45D6E47E55140A8C2FD9BE49/'.
[2019.02.07-14.38.33:059][  0]LogXGEController: Cannot use XGE Controller as Incredibuild is not installed on this machine.
[2019.02.07-14.38.33:059][  0]LogShaderCompilers: Cannot use XGE Shader Compiler as Incredibuild is not installed on this machine.
[2019.02.07-14.38.33:059][  0]LogShaderCompilers: Display: Using Local Shader Compiler.
[2019.02.07-14.38.33:472][  0]LogDerivedDataCache: Display: Max Cache Size: 512 MB
[2019.02.07-14.38.33:518][  0]LogDerivedDataCache: Loaded boot cache 0.05s 71MB C:/Users/zhang/AppData/Local/UnrealEngine/4.21/DerivedDataCache/Boot.ddc.
[2019.02.07-14.38.33:518][  0]LogDerivedDataCache: Display: Loaded Boot cache: C:/Users/zhang/AppData/Local/UnrealEngine/4.21/DerivedDataCache/Boot.ddc
[2019.02.07-14.38.33:518][  0]LogDerivedDataCache: FDerivedDataBackendGraph:  Pak pak cache file E:/GitHub/game-lab/GameLab19/DerivedDataCache/DDC.ddp not found, will not use a pak cache.
[2019.02.07-14.38.33:518][  0]LogDerivedDataCache: Unable to find inner node Pak for hierarchical cache Hierarchy.
[2019.02.07-14.38.33:518][  0]LogDerivedDataCache: FDerivedDataBackendGraph:  CompressedPak pak cache file E:/GitHub/game-lab/GameLab19/DerivedDataCache/Compressed.ddp not found, will not use a pak cache.
[2019.02.07-14.38.33:518][  0]LogDerivedDataCache: Unable to find inner node CompressedPak for hierarchical cache Hierarchy.
[2019.02.07-14.38.33:529][  0]LogDerivedDataCache: Display: Pak cache opened for reading ../../../Engine/DerivedDataCache/Compressed.ddp.
[2019.02.07-14.38.33:529][  0]LogDerivedDataCache: FDerivedDataBackendGraph:  EnterprisePak pak cache file ../../../Enterprise/DerivedDataCache/Compressed.ddp not found, will not use a pak cache.
[2019.02.07-14.38.33:529][  0]LogDerivedDataCache: Unable to find inner node EnterprisePak for hierarchical cache Hierarchy.
[2019.02.07-14.38.33:540][  0]LogDerivedDataCache: Using Local data cache path C:/Users/zhang/AppData/Local/UnrealEngine/Common/DerivedDataCache: Writable
[2019.02.07-14.38.33:540][  0]LogDerivedDataCache: Shared data cache path not found in *engine.ini, will not use an Shared cache.
[2019.02.07-14.38.33:540][  0]LogDerivedDataCache: Unable to find inner node Shared for hierarchical cache Hierarchy.
[2019.02.07-14.38.33:557][  0]LogMaterial: Verifying Global Shaders for PCD3D_SM5
[2019.02.07-14.38.33:558][  0]LogSlate: Using FreeType 2.6.0
[2019.02.07-14.38.33:559][  0]LogSlate: SlateFontServices - WITH_FREETYPE: 1, WITH_HARFBUZZ: 1
[2019.02.07-14.38.33:642][  0]LogAssetRegistry: FAssetRegistry took 0.0311 seconds to start up
[2019.02.07-14.38.33:902][  0]LogInit: Selected Device Profile: [Windows]
[2019.02.07-14.38.33:955][  0]LogSimplygon: Simplygon DLL not present - disabling.
[2019.02.07-14.38.33:959][  0]LogMeshReduction: Using SimplygonSwarm for distributed automatic mesh merging
[2019.02.07-14.38.33:959][  0]LogMeshReduction: Using ProxyLODMeshReduction for automatic mesh merging
[2019.02.07-14.38.33:959][  0]LogMeshReduction: Using QuadricMeshReduction for automatic static mesh reduction
[2019.02.07-14.38.33:959][  0]LogMeshReduction: No automatic skeletal mesh reduction module available
[2019.02.07-14.38.34:030][  0]LogNetVersion: GameLab19 1.0.0, NetCL: 4541578, EngineNetVer: 5, GameNetVer: 0 (Checksum: 3668780234)
[2019.02.07-14.38.34:402][  0]LogPackageLocalizationCache: Processed 11 localized package path(s) for 1 prioritized culture(s) in 0.033355 seconds
[2019.02.07-14.38.34:406][  0]LogUObjectArray: 39775 objects as part of root set at end of initial load.
[2019.02.07-14.38.34:406][  0]LogUObjectAllocator: 6914664 out of 0 bytes used by permanent object pool.
[2019.02.07-14.38.34:406][  0]LogUObjectArray: CloseDisregardForGC: 0/0 objects in disregard for GC pool
[2019.02.07-14.38.35:196][  0]LogTcpMessaging: Initializing TcpMessaging bridge
[2019.02.07-14.38.35:208][  0]LogUdpMessaging: Initializing bridge on interface 0.0.0.0:0 to multicast group 230.0.0.1:6666.
[2019.02.07-14.38.35:880][  0]SourceControl: Source control is disabled
[2019.02.07-14.38.35:880][  0]SourceControl: Source control is disabled
[2019.02.07-14.38.35:885][  0]SourceControl: Source control is disabled
[2019.02.07-14.38.35:886][  0]SourceControl: Source control is disabled
[2019.02.07-14.38.36:042][  0]LogAndroidPermission: UAndroidPermissionCallbackProxy::GetInstance
[2019.02.07-14.38.36:115][  0]LogOcInput: OculusInput pre-init called
[2019.02.07-14.38.36:234][  0]LogEngine: Initializing Engine...
[2019.02.07-14.38.36:236][  0]LogHMD: Failed to initialize OpenVR with code 110
[2019.02.07-14.38.36:237][  0]LogStats: UGameplayTagsManager::ConstructGameplayTagTree: ImportINI prefixes -  0.000 s
[2019.02.07-14.38.36:237][  0]LogStats: UGameplayTagsManager::ConstructGameplayTagTree: Construct from data asset -  0.000 s
[2019.02.07-14.38.36:237][  0]LogStats: UGameplayTagsManager::ConstructGameplayTagTree: ImportINI -  0.000 s
[2019.02.07-14.38.36:237][  0]LogStats: UGameplayTagsManager::ConstructGameplayTagTree: GameplayTagTreeChangedEvent.Broadcast -  0.000 s
[2019.02.07-14.38.36:411][  0]LogInit: Initializing FReadOnlyCVARCache
[2019.02.07-14.38.36:420][  0]LogAIModule: Creating AISystem for world Untitled
[2019.02.07-14.38.36:480][  0]LogInit: XAudio2 using 'LG IPS FULLHD (NVIDIA High Definition Audio)' : 2 channels at 48 kHz using 16 bits per sample (channel mask 0x3)
[2019.02.07-14.38.36:495][  0]LogInit: FAudioDevice initialized.
[2019.02.07-14.38.36:495][  0]LogNetVersion: Set ProjectVersion to 1.0.0.0. Version Checksum will be recalculated on next use.
[2019.02.07-14.38.36:533][  0]LogDerivedDataCache: Saved boot cache 0.04s 71MB C:/Users/zhang/AppData/Local/UnrealEngine/4.21/DerivedDataCache/Boot.ddc.
[2019.02.07-14.38.36:538][  0]LogInit: Texture streaming: Enabled
[2019.02.07-14.38.36:550][  0]LogEngineSessionManager: EngineSessionManager initialized
[2019.02.07-14.38.36:559][  0]LogInit: Transaction tracking system initialized
[2019.02.07-14.38.36:576][  0]BlueprintLog: New page: Editor Load
[2019.02.07-14.38.36:627][  0]LocalizationService: Localization service is disabled
[2019.02.07-14.38.36:951][  0]LogFileCache: Scanning file cache for directory 'E:/GitHub/game-lab/GameLab19/Content/' took 0.01s
[2019.02.07-14.38.36:951][  0]LogCook: Display: Max memory allowance for cook 16384mb min free memory 0mb
[2019.02.07-14.38.36:951][  0]LogCook: Display: Mobile HDR setting 1
[2019.02.07-14.38.36:951][  0]LogGameplayTags: Display: UGameplayTagsManager::DoneAddingNativeTags. DelegateIsBound: 0
[2019.02.07-14.38.36:951][  0]LogStats: UGameplayTagsManager::ConstructGameplayTagTree: ImportINI prefixes -  0.000 s
[2019.02.07-14.38.36:951][  0]LogStats: UGameplayTagsManager::ConstructGameplayTagTree: Construct from data asset -  0.000 s
[2019.02.07-14.38.36:951][  0]LogStats: UGameplayTagsManager::ConstructGameplayTagTree: ImportINI -  0.000 s
[2019.02.07-14.38.36:951][  0]LogStats: UGameplayTagsManager::ConstructGameplayTagTree: GameplayTagTreeChangedEvent.Broadcast -  0.000 s
[2019.02.07-14.38.37:047][  0]SourceControl: Source control is disabled
[2019.02.07-14.38.37:048][  0]Cmd: MAP LOAD FILE="E:/GitHub/game-lab/GameLab19/Content/TestScene1.umap" TEMPLATE=0 SHOWPROGRESS=1 FEATURELEVEL=3
[2019.02.07-14.38.37:048][  0]LogEditorServer: Warning: Can't find file 'E:/GitHub/game-lab/GameLab19/Content/TestScene1.umap'
[2019.02.07-14.38.37:048][  0]Cmd: MAP CHECKDEP NOCLEARLOG
[2019.02.07-14.38.37:048][  0]MapCheck: Map check complete: 0 Error(s), 0 Warning(s), took 0.243ms to complete.
[2019.02.07-14.38.37:048][  0]LogFileHelpers: Loading map 'TestScene1' took 0.001
[2019.02.07-14.38.37:151][  0]LogSlate: Updating window title bar state: overlay mode, drag disabled, window buttons hidden, title bar hidden
[2019.02.07-14.38.37:156][  0]LogSlate: Updating window title bar state: overlay mode, drag disabled, window buttons hidden, title bar hidden
[2019.02.07-14.38.37:161][  0]LogSlate: Updating window title bar state: overlay mode, drag disabled, window buttons hidden, title bar hidden
[2019.02.07-14.38.37:166][  0]LogSlate: Updating window title bar state: overlay mode, drag disabled, window buttons hidden, title bar hidden
[2019.02.07-14.38.37:170][  0]LogCollectionManager: Loaded 0 collections in 0.000829 seconds
[2019.02.07-14.38.37:207][  0]LogFileCache: Scanning file cache for directory 'E:/GitHub/game-lab/GameLab19/Saved/Collections/' took 0.01s
[2019.02.07-14.38.37:207][  0]LogFileCache: Scanning file cache for directory 'E:/GitHub/game-lab/GameLab19/Content/Developers/zhang/Collections/' took 0.01s
[2019.02.07-14.38.37:207][  0]LogFileCache: Scanning file cache for directory 'E:/GitHub/game-lab/GameLab19/Content/Collections/' took 0.01s
[2019.02.07-14.38.37:207][  0]LogCollectionManager: Rebuilt the GUID cache for 0 collections in 0.000000 seconds
[2019.02.07-14.38.37:214][  0]LogContentBrowser: Native class hierarchy populated in 0.0071 seconds. Added 2654 classes and 625 folders.
[2019.02.07-14.38.37:223][  0]LogContentBrowser: Native class hierarchy updated for 'WidgetCarousel' in 0.0004 seconds. Added 0 classes and 0 folders.
[2019.02.07-14.38.37:225][  0]LogPakFile: Registered encryption key '00000000000000000000000000000000': 0 pak files mounted, 0 remain pending
[2019.02.07-14.38.37:226][  0]LogPakFile: Registered encryption key '00000000000000000000000000000000': 0 pak files mounted, 0 remain pending
[2019.02.07-14.38.37:226][  0]LogPakFile: Registered encryption key '00000000000000000000000000000000': 0 pak files mounted, 0 remain pending
[2019.02.07-14.38.37:227][  0]LogPakFile: Registered encryption key '00000000000000000000000000000000': 0 pak files mounted, 0 remain pending
[2019.02.07-14.38.37:227][  0]LogPakFile: Registered encryption key '00000000000000000000000000000000': 0 pak files mounted, 0 remain pending
[2019.02.07-14.38.37:228][  0]LogPakFile: Registered encryption key '00000000000000000000000000000000': 0 pak files mounted, 0 remain pending
[2019.02.07-14.38.37:228][  0]LogPakFile: Registered encryption key '00000000000000000000000000000000': 0 pak files mounted, 0 remain pending
[2019.02.07-14.38.37:229][  0]LogPakFile: Registered encryption key '00000000000000000000000000000000': 0 pak files mounted, 0 remain pending
[2019.02.07-14.38.37:229][  0]LogPakFile: Registered encryption key '00000000000000000000000000000000': 0 pak files mounted, 0 remain pending
[2019.02.07-14.38.37:230][  0]LogPakFile: Registered encryption key '00000000000000000000000000000000': 0 pak files mounted, 0 remain pending
[2019.02.07-14.38.37:230][  0]LogPakFile: Registered encryption key '00000000000000000000000000000000': 0 pak files mounted, 0 remain pending
[2019.02.07-14.38.37:231][  0]LogPakFile: Registered encryption key '00000000000000000000000000000000': 0 pak files mounted, 0 remain pending
[2019.02.07-14.38.37:231][  0]LogPakFile: Registered encryption key '00000000000000000000000000000000': 0 pak files mounted, 0 remain pending
[2019.02.07-14.38.37:232][  0]LogPakFile: Registered encryption key '00000000000000000000000000000000': 0 pak files mounted, 0 remain pending
[2019.02.07-14.38.37:232][  0]LogPakFile: Registered encryption key '00000000000000000000000000000000': 0 pak files mounted, 0 remain pending
[2019.02.07-14.38.37:233][  0]LogPakFile: Registered encryption key '00000000000000000000000000000000': 0 pak files mounted, 0 remain pending
[2019.02.07-14.38.37:233][  0]LogPakFile: Registered encryption key '00000000000000000000000000000000': 0 pak files mounted, 0 remain pending
[2019.02.07-14.38.37:234][  0]LogPakFile: Registered encryption key '00000000000000000000000000000000': 0 pak files mounted, 0 remain pending
[2019.02.07-14.38.37:234][  0]LogPakFile: Registered encryption key '00000000000000000000000000000000': 0 pak files mounted, 0 remain pending
[2019.02.07-14.38.37:235][  0]LogPakFile: Registered encryption key '00000000000000000000000000000000': 0 pak files mounted, 0 remain pending
[2019.02.07-14.38.37:235][  0]LogPakFile: Registered encryption key '00000000000000000000000000000000': 0 pak files mounted, 0 remain pending
[2019.02.07-14.38.37:236][  0]LogPakFile: Registered encryption key '00000000000000000000000000000000': 0 pak files mounted, 0 remain pending
[2019.02.07-14.38.37:236][  0]LogPakFile: Registered encryption key '00000000000000000000000000000000': 0 pak files mounted, 0 remain pending
[2019.02.07-14.38.37:237][  0]LogPakFile: Registered encryption key '00000000000000000000000000000000': 0 pak files mounted, 0 remain pending
[2019.02.07-14.38.37:237][  0]LogPakFile: Registered encryption key '00000000000000000000000000000000': 0 pak files mounted, 0 remain pending
[2019.02.07-14.38.37:238][  0]LogPakFile: Registered encryption key '00000000000000000000000000000000': 0 pak files mounted, 0 remain pending
[2019.02.07-14.38.37:275][  0]LogContentBrowser: Native class hierarchy updated for 'AddContentDialog' in 0.0004 seconds. Added 0 classes and 0 folders.
[2019.02.07-14.38.37:286][  0]LogSlate: Took 0.000232 seconds to synchronously load lazily loaded font '../../../Engine/Content/Slate/Fonts/Roboto-Regular.ttf' (155K)
[2019.02.07-14.38.37:289][  0]LogSlate: Took 0.000182 seconds to synchronously load lazily loaded font '../../../Engine/Content/Slate/Fonts/Roboto-Bold.ttf' (160K)
[2019.02.07-14.38.37:290][  0]LogSlate: Took 0.000139 seconds to synchronously load lazily loaded font '../../../Engine/Content/Editor/Slate/Fonts/FontAwesome.ttf' (139K)
[2019.02.07-14.38.37:338][  0]LogRenderer: Reallocating scene render targets to support 1136x648 Format 10 NumSamples 1 (Frame:1).
[2019.02.07-14.38.37:367][  0]LogSlate: Took 0.000173 seconds to synchronously load lazily loaded font '../../../Engine/Content/Slate/Fonts/Roboto-Light.ttf' (167K)
[2019.02.07-14.38.37:439][  0]LogContentBrowser: Native class hierarchy updated for 'HierarchicalLODOutliner' in 0.0004 seconds. Added 0 classes and 0 folders.
[2019.02.07-14.38.37:439][  0]LogLoad: (Engine Initialization) Total time: 7.57 seconds
[2019.02.07-14.38.37:439][  0]LogLoad: (Engine Initialization) Total Blueprint compile time: 0.00 seconds
[2019.02.07-14.38.37:449][  0]LogWindowsTextInputMethodSystem: Display: IME system now deactivated.
[2019.02.07-14.38.37:465][  0]LogAssetRegistry: Asset discovery search completed in 3.8454 seconds
[2019.02.07-14.38.37:467][  0]LogCollectionManager: Rebuilt the object cache for 0 collections in 0.000000 seconds (found 0 objects)
[2019.02.07-14.38.37:467][  0]LogCollectionManager: Fixed up redirectors for 0 collections in 0.000046 seconds (updated 0 objects)
[2019.02.07-14.38.37:468][  0]LogContentStreaming: Texture pool size now 1000 MB
[2019.02.07-14.38.40:937][412]LogSlate: FSceneViewport::OnFocusLost() reason 0
[2019.02.07-14.38.55:759][187]LogSlate: Took 0.000313 seconds to synchronously load lazily loaded font '../../../Engine/Content/Slate/Fonts/Roboto-Light.ttf' (167K)
[2019.02.07-14.38.55:765][187]LogAssetEditorManager: Opening Asset editor for Blueprint /Game/Blueprints/B_GameMode.B_GameMode
[2019.02.07-14.38.56:100][187]LogContentBrowser: Native class hierarchy updated for 'BlueprintGraph' in 0.0006 seconds. Added 117 classes and 0 folders.
[2019.02.07-14.38.58:258][377]LogSlate: Window 'B_GameMode' being destroyed
[2019.02.07-14.38.58:262][377]LogSlate: Window 'B_GameMode' being destroyed
[2019.02.07-14.39.05:237][204]LogLinker: Warning: Can't find file '/Game/Blueprints/BP_Twitch'
[2019.02.07-14.39.05:238][204]LogLinker: Warning: Can't find file for asset '/Game/Blueprints/BP_Twitch' while loading E:/GitHub/game-lab/GameLab19/Content/Maps/Test_Map_Sam.umap.
[2019.02.07-14.39.05:238][204]LoadErrors: Error: /Game/Maps/Test_Map_Sam : Can't find file for asset. /Game/Blueprints/BP_Twitch
[2019.02.07-14.39.05:241][204]LogLinker: Warning: Can't find file '/Game/Blueprints/BP_Twitch'
[2019.02.07-14.39.05:241][204]LogLinker: Warning: Can't find file for asset '/Game/Blueprints/BP_Twitch' while loading E:/GitHub/game-lab/GameLab19/Content/Maps/Test_Map_Sam.umap.
[2019.02.07-14.39.05:242][204]LogLinker: Warning: Can't find file '/Game/Blueprints/BP_Twitch'
[2019.02.07-14.39.05:242][204]LogLinker: Warning: Can't find file for asset '/Game/Blueprints/BP_Twitch' while loading E:/GitHub/game-lab/GameLab19/Content/Maps/Test_Map_Sam.umap.
[2019.02.07-14.39.05:243][204]LogLinker: Warning: Can't find file '/Game/Blueprints/BP_Twitch'
[2019.02.07-14.39.05:243][204]LogLinker: Warning: Can't find file for asset '/Game/Blueprints/BP_Twitch' while loading NULL.
[2019.02.07-14.39.05:243][204]LogLinker: Warning: Can't find file '/Game/Blueprints/BP_Twitch'
[2019.02.07-14.39.05:244][204]LogLinker: Warning: Can't find file for asset '/Game/Blueprints/BP_Twitch' while loading NULL.
[2019.02.07-14.39.05:244][204]LogLinker: Warning: Can't find file '/Game/Blueprints/BP_Twitch'
[2019.02.07-14.39.05:244][204]LogLinker: Warning: Can't find file for asset '/Game/Blueprints/BP_Twitch' while loading NULL.
[2019.02.07-14.39.05:247][204]LogLinker: Warning: Can't find file '/Game/Blueprints/BP_Twitch'
[2019.02.07-14.39.05:248][204]LogLinker: Warning: Can't find file for asset '/Game/Blueprints/BP_Twitch' while loading NULL.
[2019.02.07-14.39.05:248][204]LogLinker: Warning: Can't find file '/Game/Blueprints/BP_Twitch'
[2019.02.07-14.39.05:248][204]LogLinker: Warning: Can't find file for asset '/Game/Blueprints/BP_Twitch' while loading NULL.
[2019.02.07-14.39.05:280][204]LogAIModule: Creating AISystem for world Test_Map_Sam
[2019.02.07-14.39.05:286][204]LogAssetEditorManager: Opening Asset editor for World /Game/Maps/Test_Map_Sam.Test_Map_Sam
[2019.02.07-14.39.05:315][204]Cmd: MAP LOAD FILE="E:/GitHub/game-lab/GameLab19/Content/Maps/Test_Map_Sam.umap" TEMPLATE=0 SHOWPROGRESS=1 FEATURELEVEL=3
[2019.02.07-14.39.05:315][204]LightingResults: New page: Lighting Build
[2019.02.07-14.39.05:317][204]LogContentBrowser: Native class hierarchy updated for 'StatsViewer' in 0.0004 seconds. Added 5 classes and 0 folders.
[2019.02.07-14.39.05:317][204]LoadErrors: New page: Loading map: Test_Map_Sam.umap
[2019.02.07-14.39.05:317][204]MapCheck: New page: Map Check
[2019.02.07-14.39.05:317][204]LightingResults: New page: Lighting Build
[2019.02.07-14.39.05:342][204]LogEditorServer: Finished looking for orphan Actors (0.000 secs)
[2019.02.07-14.39.05:373][204]Cmd: MAP CHECKDEP NOCLEARLOG
[2019.02.07-14.39.05:373][204]MapCheck: Map check complete: 0 Error(s), 0 Warning(s), took 0.165ms to complete.
[2019.02.07-14.39.05:373][204]LogFileHelpers: Loading map 'Test_Map_Sam' took 0.058
[2019.02.07-14.39.05:383][204]LoadErrors: Warning: CreateExport: Failed to load Outer for resource 'DefaultSceneRoot': BP_Twitch_C /Game/Maps/Test_Map_Sam.Test_Map_Sam:PersistentLevel.BP_Twitch_2
[2019.02.07-14.39.15:828][792]LogSlate: Window 'Pick Parent Class' being destroyed
[2019.02.07-14.39.20:670][370]LogAssetEditorManager: Opening Asset editor for Blueprint /Game/Blueprints/BP_twitch.BP_twitch
[2019.02.07-14.39.22:383][546]LogSlate: Took 0.000214 seconds to synchronously load lazily loaded font '../../../Engine/Content/Slate/Fonts/Roboto-BoldCondensed.ttf' (158K)
[2019.02.07-14.39.41:725][802]LogSlate: Took 0.000287 seconds to synchronously load lazily loaded font '../../../Engine/Content/Slate/Fonts/Roboto-Italic.ttf' (157K)
[2019.02.07-14.40.17:886][ 97]Cmd: OBJ SAVEPACKAGE PACKAGE="/Game/Blueprints/BP_twitch" FILE="E:/GitHub/game-lab/GameLab19/Content/Blueprints/BP_twitch.uasset" SILENT=true
[2019.02.07-14.40.17:913][ 97]LogSavePackage: Moving 'E:/GitHub/game-lab/GameLab19/Saved/BP_twitchAEF6AFB44E221A9BF90E92A10EC22325.tmp' to 'E:/GitHub/game-lab/GameLab19/Content/Blueprints/BP_twitch.uasset'
[2019.02.07-14.40.27:472][221]BlueprintLog: New page: Compile BP_twitch
[2019.02.07-14.40.28:087][280]Cmd: OBJ SAVEPACKAGE PACKAGE="/Game/Blueprints/BP_twitch" FILE="E:/GitHub/game-lab/GameLab19/Content/Blueprints/BP_twitch.uasset" SILENT=true
[2019.02.07-14.40.28:096][280]LogSavePackage: Moving 'E:/GitHub/game-lab/GameLab19/Saved/BP_twitch186F01F0444DA02AC0DAA9BEA4968C4E.tmp' to 'E:/GitHub/game-lab/GameLab19/Content/Blueprints/BP_twitch.uasset'
[2019.02.07-14.40.29:597][459]LogSlate: Window 'BP_twitch' being destroyed
[2019.02.07-14.40.29:601][459]LogSlate: Window 'BP_twitch' being destroyed
[2019.02.07-14.40.38:090][467]LogSlate: FSceneViewport::OnFocusLost() reason 0
[2019.02.07-14.40.38:172][477]LogTemp: Repeating last play command: Selected Viewport
[2019.02.07-14.40.38:178][477]LogBlueprintUserMessages: Early PlayInEditor Detection: Level '/Game/Maps/Test_Map_Sam.Test_Map_Sam:PersistentLevel' has LevelScriptBlueprint '/Game/Maps/Test_Map_Sam.Test_Map_Sam:PersistentLevel.Test_Map_Sam' with GeneratedClass '/Game/Maps/Test_Map_Sam.Test_Map_Sam_C' with ClassGeneratedBy '/Game/Maps/Test_Map_Sam.Test_Map_Sam:PersistentLevel.Test_Map_Sam'
[2019.02.07-14.40.38:178][477]LogPlayLevel: PlayLevel: No blueprints needed recompiling
[2019.02.07-14.40.38:178][477]PIE: New page: PIE session: Test_Map_Sam (Feb 7, 2019, 4:40:38 AM)
[2019.02.07-14.40.38:190][477]LogPlayLevel: Creating play world package: /Game/Maps/UEDPIE_0_Test_Map_Sam
[2019.02.07-14.40.38:192][477]LogPlayLevel: PIE: StaticDuplicateObject took: (0.002180s)
[2019.02.07-14.40.38:193][477]LogAIModule: Creating AISystem for world Test_Map_Sam
[2019.02.07-14.40.38:193][477]LogPlayLevel: PIE: World Init took: (0.000458s)
[2019.02.07-14.40.38:193][477]LogPlayLevel: PIE: Created PIE world by copying editor world from /Game/Maps/Test_Map_Sam.Test_Map_Sam to /Game/Maps/UEDPIE_0_Test_Map_Sam.Test_Map_Sam (0.003037s)
[2019.02.07-14.40.38:233][477]LogInit: XAudio2 using 'LG IPS FULLHD (NVIDIA High Definition Audio)' : 2 channels at 48 kHz using 16 bits per sample (channel mask 0x3)
[2019.02.07-14.40.38:243][477]LogInit: FAudioDevice initialized.
[2019.02.07-14.40.38:282][477]LogLoad: Game class is 'B_GameMode_C'
[2019.02.07-14.40.38:283][477]LogWorld: Bringing World /Game/Maps/UEDPIE_0_Test_Map_Sam.Test_Map_Sam up for play (max tick rate 0) at 2019.02.07-09.40.38
[2019.02.07-14.40.38:284][477]LogWorld: Bringing up level for play took: 0.000766
[2019.02.07-14.40.38:302][477]LogContentBrowser: Native class hierarchy updated for 'MovieSceneCapture' in 0.0004 seconds. Added 20 classes and 0 folders.
[2019.02.07-14.40.38:428][477]PIE: Play in editor start time for /Game/Maps/UEDPIE_0_Test_Map_Sam 0.307
[2019.02.07-14.40.38:428][477]LogBlueprintUserMessages: Late PlayInEditor Detection: Level '/Game/Maps/Test_Map_Sam.Test_Map_Sam:PersistentLevel' has LevelScriptBlueprint '/Game/Maps/Test_Map_Sam.Test_Map_Sam:PersistentLevel.Test_Map_Sam' with GeneratedClass '/Game/Maps/Test_Map_Sam.Test_Map_Sam_C' with ClassGeneratedBy '/Game/Maps/Test_Map_Sam.Test_Map_Sam:PersistentLevel.Test_Map_Sam'
[2019.02.07-14.40.40:824][749]LogBlueprintUserMessages: Early EndPlayMap Detection: Level '/Game/Maps/Test_Map_Sam.Test_Map_Sam:PersistentLevel' has LevelScriptBlueprint '/Game/Maps/Test_Map_Sam.Test_Map_Sam:PersistentLevel.Test_Map_Sam' with GeneratedClass '/Game/Maps/Test_Map_Sam.Test_Map_Sam_C' with ClassGeneratedBy '/Game/Maps/Test_Map_Sam.Test_Map_Sam:PersistentLevel.Test_Map_Sam'
[2019.02.07-14.40.40:824][749]LogSlate: Updating window title bar state: overlay mode, drag disabled, window buttons hidden, title bar hidden
[2019.02.07-14.40.40:857][749]LogPlayLevel: Display: Shutting down PIE online subsystems
[2019.02.07-14.40.40:857][749]LogBlueprintUserMessages: Late EndPlayMap Detection: Level '/Game/Maps/Test_Map_Sam.Test_Map_Sam:PersistentLevel' has LevelScriptBlueprint '/Game/Maps/Test_Map_Sam.Test_Map_Sam:PersistentLevel.Test_Map_Sam' with GeneratedClass '/Game/Maps/Test_Map_Sam.Test_Map_Sam_C' with ClassGeneratedBy '/Game/Maps/Test_Map_Sam.Test_Map_Sam:PersistentLevel.Test_Map_Sam'
[2019.02.07-14.40.40:880][749]LogSlate: Updating window title bar state: overlay mode, drag disabled, window buttons hidden, title bar hidden
[2019.02.07-14.40.40:926][754]LogPlayLevel: Display: Destroying online subsystem :Context_4
[2019.02.07-14.40.42:113][895]Cmd: OBJ SAVEPACKAGE PACKAGE="/Game/Maps/Test_Map_Sam" FILE="E:/GitHub/game-lab/GameLab19/Content/Maps/Test_Map_Sam.umap" SILENT=true AUTOSAVING=false KEEPDIRTY=false
[2019.02.07-14.40.42:239][895]LogSavePackage: Moving 'E:/GitHub/game-lab/GameLab19/Saved/Test_Map_SamB6645AD04F4C5024554C549752C7A065.tmp' to 'E:/GitHub/game-lab/GameLab19/Content/Maps/Test_Map_Sam.umap'
[2019.02.07-14.40.42:910][973]Cmd: OBJ SAVEPACKAGE PACKAGE="/Game/Maps/Test_Map_Sam" FILE="E:/GitHub/game-lab/GameLab19/Content/Maps/Test_Map_Sam.umap" SILENT=true AUTOSAVING=false KEEPDIRTY=false
[2019.02.07-14.40.43:035][973]LogSavePackage: Moving 'E:/GitHub/game-lab/GameLab19/Saved/Test_Map_Sam7FA783CE4A50D2C812ADB48576E4A015.tmp' to 'E:/GitHub/game-lab/GameLab19/Content/Maps/Test_Map_Sam.umap'
[2019.02.07-14.40.43:540][ 31]Cmd: OBJ SAVEPACKAGE PACKAGE="/Game/Maps/Test_Map_Sam" FILE="E:/GitHub/game-lab/GameLab19/Content/Maps/Test_Map_Sam.umap" SILENT=true AUTOSAVING=false KEEPDIRTY=false
[2019.02.07-14.40.43:663][ 31]LogSavePackage: Moving 'E:/GitHub/game-lab/GameLab19/Saved/Test_Map_Sam362F67F643DE907385C90382FFE79CB1.tmp' to 'E:/GitHub/game-lab/GameLab19/Content/Maps/Test_Map_Sam.umap'
[2019.02.07-14.40.44:305][101]LogSlate: Window 'GameLab19 - Unreal Editor' being destroyed
[2019.02.07-14.40.44:305][101]LogWindowsTextInputMethodSystem: Display: IME system now deactivated.
[2019.02.07-14.40.44:452][102]Cmd: QUIT_EDITOR
[2019.02.07-14.40.44:919][102]LogExit: Preparing to exit.
[2019.02.07-14.40.45:311][102]LogExit: Editor shut down
[2019.02.07-14.40.45:311][102]LogExit: Transaction tracking system shut down
[2019.02.07-14.40.45:533][102]LogExit: Object subsystem successfully closed.
[2019.02.07-14.40.45:551][102]LogShaderCompilers: Display: Shaders left to compile 0
[2019.02.07-14.40.45:553][102]LogD3D11RHI: Shutdown
[2019.02.07-14.40.45:553][102]LogD3D11RHI: CleanupD3DDevice
[2019.02.07-14.40.45:555][102]LogD3D11RHI: ~FD3D11DynamicRHI
[2019.02.07-14.40.45:563][102]LogModuleManager: Shutting down and abandoning module MovieSceneCapture (630)
[2019.02.07-14.40.45:563][102]LogModuleManager: Shutting down and abandoning module Voice (628)
[2019.02.07-14.40.45:563][102]LogModuleManager: Shutting down and abandoning module StatsViewer (626)
[2019.02.07-14.40.45:563][102]LogModuleManager: Shutting down and abandoning module BlueprintGraph (624)
[2019.02.07-14.40.45:563][102]LogModuleManager: Shutting down and abandoning module HierarchicalLODOutliner (622)
[2019.02.07-14.40.45:563][102]LogModuleManager: Shutting down and abandoning module AddContentDialog (620)
[2019.02.07-14.40.45:563][102]LogModuleManager: Shutting down and abandoning module WidgetCarousel (619)
[2019.02.07-14.40.45:563][102]LogModuleManager: Shutting down and abandoning module EditorWidgets (616)
[2019.02.07-14.40.45:563][102]LogModuleManager: Shutting down and abandoning module CollectionManager (614)
[2019.02.07-14.40.45:563][102]LogModuleManager: Shutting down and abandoning module SceneOutliner (612)
[2019.02.07-14.40.45:563][102]LogModuleManager: Shutting down and abandoning module FoliageEdit (610)
[2019.02.07-14.40.45:563][102]LogModuleManager: Shutting down and abandoning module LandscapeEditor (608)
[2019.02.07-14.40.45:564][102]LogModuleManager: Shutting down and abandoning module MeshPaintMode (606)
[2019.02.07-14.40.45:564][102]LogModuleManager: Shutting down and abandoning module SceneDepthPickerMode (604)
[2019.02.07-14.40.45:564][102]LogModuleManager: Shutting down and abandoning module ActorPickerMode (602)
[2019.02.07-14.40.45:564][102]LogModuleManager: Shutting down and abandoning module GeometryMode (600)
[2019.02.07-14.40.45:564][102]LogModuleManager: Shutting down and abandoning module TextureAlignMode (598)
[2019.02.07-14.40.45:564][102]LogModuleManager: Shutting down and abandoning module BspMode (596)
[2019.02.07-14.40.45:564][102]LogModuleManager: Shutting down and abandoning module PIEPreviewDeviceProfileSelector (594)
[2019.02.07-14.40.45:564][102]LogModuleManager: Shutting down and abandoning module SequenceRecorderSections (592)
[2019.02.07-14.40.45:564][102]LogModuleManager: Shutting down and abandoning module AutomationWorker (590)
[2019.02.07-14.40.45:564][102]LogModuleManager: Shutting down and abandoning module AudioCaptureEditor (588)
[2019.02.07-14.40.45:564][102]LogModuleManager: Shutting down and abandoning module MatineeToLevelSequence (586)
[2019.02.07-14.40.45:564][102]LogModuleManager: Shutting down and abandoning module LevelSequenceEditor (584)
[2019.02.07-14.40.45:564][102]LogModuleManager: Shutting down and abandoning module PlacementMode (583)
[2019.02.07-14.40.45:564][102]LogModuleManager: Shutting down and abandoning module MaterialEditor (582)
[2019.02.07-14.40.45:564][102]LogModuleManager: Shutting down and abandoning module WmfMediaFactory (578)
[2019.02.07-14.40.45:564][102]LogModuleManager: Shutting down and abandoning module WmfMediaEditor (576)
[2019.02.07-14.40.45:564][102]LogModuleManager: Shutting down and abandoning module WebMMediaFactory (574)
[2019.02.07-14.40.45:564][102]LogModuleManager: Shutting down and abandoning module WebMMediaEditor (572)
[2019.02.07-14.40.45:564][102]LogModuleManager: Shutting down and abandoning module WebMMedia (570)
[2019.02.07-14.40.45:564][102]LogModuleManager: Shutting down and abandoning module MediaPlayerEditor (568)
[2019.02.07-14.40.45:564][102]LogModuleManager: Shutting down and abandoning module MediaCompositingEditor (566)
[2019.02.07-14.40.45:564][102]LogModuleManager: Shutting down and abandoning module SequenceRecorder (565)
[2019.02.07-14.40.45:564][102]LogModuleManager: Shutting down and abandoning module OpenExrWrapper (562)
[2019.02.07-14.40.45:564][102]LogModuleManager: Shutting down and abandoning module ImgMediaFactory (560)
[2019.02.07-14.40.45:564][102]LogModuleManager: Shutting down and abandoning module ImgMediaEditor (558)
[2019.02.07-14.40.45:564][102]LogModuleManager: Shutting down and abandoning module AvfMediaFactory (556)
[2019.02.07-14.40.45:564][102]LogModuleManager: Shutting down and abandoning module AvfMediaEditor (554)
[2019.02.07-14.40.45:564][102]LogModuleManager: Shutting down and abandoning module AndroidMediaFactory (552)
[2019.02.07-14.40.45:564][102]LogModuleManager: Shutting down and abandoning module AndroidMediaEditor (550)
[2019.02.07-14.40.45:564][102]LogModuleManager: Shutting down and abandoning module MagicLeapCameraPreviewFactory (548)
[2019.02.07-14.40.45:564][102]LogModuleManager: Shutting down and abandoning module MagicLeapMediaFactory (546)
[2019.02.07-14.40.45:564][102]LogModuleManager: Shutting down and abandoning module MagicLeapMediaEditor (544)
[2019.02.07-14.40.45:564][102]LogModuleManager: Shutting down and abandoning module CharacterAI (542)
[2019.02.07-14.40.45:564][102]LogModuleManager: Shutting down and abandoning module SmartSnapping (540)
[2019.02.07-14.40.45:564][102]LogModuleManager: Shutting down and abandoning module SessionServices (538)
[2019.02.07-14.40.45:564][102]LogModuleManager: Shutting down and abandoning module ViewportSnapping (536)
[2019.02.07-14.40.45:564][102]LogModuleManager: Shutting down and abandoning module ViewportInteraction (534)
[2019.02.07-14.40.45:564][102]LogModuleManager: Shutting down and abandoning module ClothPainter (532)
[2019.02.07-14.40.45:564][102]LogModuleManager: Shutting down and abandoning module SkeletalMeshEditor (531)
[2019.02.07-14.40.45:564][102]LogModuleManager: Shutting down and abandoning module LogVisualizer (528)
[2019.02.07-14.40.45:564][102]LogModuleManager: Shutting down and abandoning module IntroTutorials (526)
[2019.02.07-14.40.45:564][102]LogModuleManager: Shutting down and abandoning module GameProjectGeneration (525)
[2019.02.07-14.40.45:564][102]LogModuleManager: Shutting down and abandoning module LuminPlatformEditor (522)
[2019.02.07-14.40.45:564][102]LogModuleManager: Shutting down and abandoning module IOSPlatformEditor (520)
[2019.02.07-14.40.45:564][102]LogModuleManager: Shutting down and abandoning module HTML5PlatformEditor (518)
[2019.02.07-14.40.45:564][102]LogModuleManager: Shutting down and abandoning module AndroidPlatformEditor (516)
[2019.02.07-14.40.45:564][102]LogModuleManager: Shutting down and abandoning module AndroidDeviceDetection (515)
[2019.02.07-14.40.45:836][102]LogModuleManager: Shutting down and abandoning module WindowsPlatformEditor (512)
[2019.02.07-14.40.45:836][102]LogModuleManager: Shutting down and abandoning module LuminRuntimeSettings (510)
[2019.02.07-14.40.45:836][102]LogModuleManager: Shutting down and abandoning module IOSRuntimeSettings (508)
[2019.02.07-14.40.45:836][102]LogModuleManager: Shutting down and abandoning module AndroidRuntimeSettings (506)
[2019.02.07-14.40.45:836][102]LogModuleManager: Shutting down and abandoning module TimeManagementEditor (504)
[2019.02.07-14.40.45:836][102]LogModuleManager: Shutting down and abandoning module InputBindingEditor (502)
[2019.02.07-14.40.45:836][102]LogModuleManager: Shutting down and abandoning module MergeActors (500)
[2019.02.07-14.40.45:836][102]LogModuleManager: Shutting down and abandoning module LocalizationDashboard (498)
[2019.02.07-14.40.45:836][102]LogModuleManager: Shutting down and abandoning module LocalizationService (497)
[2019.02.07-14.40.45:836][102]LogModuleManager: Shutting down and abandoning module HardwareTargeting (494)
[2019.02.07-14.40.45:836][102]LogModuleManager: Shutting down and abandoning module DeviceProfileEditor (492)
[2019.02.07-14.40.45:836][102]LogModuleManager: Shutting down and abandoning module UndoHistory (490)
[2019.02.07-14.40.45:836][102]LogModuleManager: Shutting down and abandoning module XmlParser (488)
[2019.02.07-14.40.45:836][102]LogModuleManager: Shutting down and abandoning module Blutility (486)
[2019.02.07-14.40.45:836][102]LogModuleManager: Shutting down and abandoning module ProjectSettingsViewer (484)
[2019.02.07-14.40.45:836][102]LogModuleManager: Shutting down and abandoning module ProjectTargetPlatformEditor (483)
[2019.02.07-14.40.45:836][102]LogModuleManager: Shutting down and abandoning module EditorSettingsViewer (480)
[2019.02.07-14.40.45:837][102]LogModuleManager: Shutting down and abandoning module SettingsEditor (478)
[2019.02.07-14.40.45:837][102]LogModuleManager: Shutting down and abandoning module ProjectLauncher (476)
[2019.02.07-14.40.45:837][102]LogModuleManager: Shutting down and abandoning module SessionFrontend (474)
[2019.02.07-14.40.45:837][102]LogModuleManager: Shutting down and abandoning module ProfilerClient (472)
[2019.02.07-14.40.45:837][102]LogModuleManager: Shutting down and abandoning module DeviceManager (470)
[2019.02.07-14.40.45:837][102]LogModuleManager: Shutting down and abandoning module TargetDeviceServices (469)
[2019.02.07-14.40.45:892][102]LogModuleManager: Shutting down and abandoning module AutomationController (466)
[2019.02.07-14.40.45:892][102]LogModuleManager: Shutting down and abandoning module AutomationWindow (464)
[2019.02.07-14.40.45:892][102]LogModuleManager: Shutting down and abandoning module Layers (462)
[2019.02.07-14.40.45:892][102]LogModuleManager: Shutting down and abandoning module ComponentVisualizers (460)
[2019.02.07-14.40.45:892][102]LogModuleManager: Shutting down and abandoning module DetailCustomizations (458)
[2019.02.07-14.40.45:892][102]LogModuleManager: Shutting down and abandoning module PackagesDialog (456)
[2019.02.07-14.40.45:892][102]LogModuleManager: Shutting down and abandoning module Persona (454)
[2019.02.07-14.40.45:892][102]LogModuleManager: Shutting down and abandoning module AdvancedPreviewScene (453)
[2019.02.07-14.40.45:892][102]LogModuleManager: Shutting down and abandoning module AnimGraph (451)
[2019.02.07-14.40.45:892][102]LogModuleManager: Shutting down and abandoning module Kismet (448)
[2019.02.07-14.40.45:895][102]LogModuleManager: Shutting down and abandoning module GraphEditor (446)
[2019.02.07-14.40.45:895][102]LogModuleManager: Shutting down and abandoning module ClassViewer (444)
[2019.02.07-14.40.45:896][102]LogModuleManager: Shutting down and abandoning module Toolbox (442)
[2019.02.07-14.40.45:896][102]LogModuleManager: Shutting down and abandoning module DesktopPlatform (441)
[2019.02.07-14.40.45:896][102]LogModuleManager: Shutting down and abandoning module ModuleUI (438)
[2019.02.07-14.40.45:896][102]LogModuleManager: Shutting down and abandoning module MovieSceneTools (436)
[2019.02.07-14.40.45:896][102]LogModuleManager: Shutting down and abandoning module OutputLog (434)
[2019.02.07-14.40.45:896][102]LogModuleManager: Shutting down and abandoning module GammaUI (432)
[2019.02.07-14.40.45:896][102]LogModuleManager: Shutting down and abandoning module Documentation (430)
[2019.02.07-14.40.45:896][102]LogModuleManager: Shutting down and abandoning module MovieSceneTracks (428)
[2019.02.07-14.40.45:896][102]LogModuleManager: Shutting down and abandoning module MovieScene (426)
[2019.02.07-14.40.45:896][102]LogModuleManager: Shutting down and abandoning module StreamingPauseRendering (424)
[2019.02.07-14.40.45:896][102]LogModuleManager: Shutting down and abandoning module LauncherPlatform (422)
[2019.02.07-14.40.45:896][102]LogModuleManager: Shutting down and abandoning module AnalyticsET (420)
[2019.02.07-14.40.45:896][102]LogModuleManager: Shutting down and abandoning module PortalServices (418)
[2019.02.07-14.40.45:896][102]LogModuleManager: Shutting down and abandoning module PortalRpc (416)
[2019.02.07-14.40.45:896][102]LogModuleManager: Shutting down and abandoning module MessagingRpc (414)
[2019.02.07-14.40.45:896][102]LogModuleManager: Shutting down and abandoning module AIModule (412)
[2019.02.07-14.40.45:896][102]LogModuleManager: Shutting down and abandoning module GameplayDebugger (411)
[2019.02.07-14.40.45:896][102]LogModuleManager: Shutting down and abandoning module AITestSuite (409)
[2019.02.07-14.40.45:896][102]LogModuleManager: Shutting down and abandoning module NavigationSystem (407)
[2019.02.07-14.40.45:896][102]LogModuleManager: Shutting down and abandoning module ImageWriteQueue (404)
[2019.02.07-14.40.45:897][102]LogModuleManager: Shutting down and abandoning module ProfilerService (402)
[2019.02.07-14.40.46:111][102]LogModuleManager: Shutting down and abandoning module TaskGraph (400)
[2019.02.07-14.40.46:111][102]LogModuleManager: Shutting down and abandoning module SteamVRController (398)
[2019.02.07-14.40.46:111][102]LogModuleManager: Shutting down and abandoning module ProceduralMeshComponentEditor (396)
[2019.02.07-14.40.46:111][102]LogModuleManager: Shutting down and abandoning module ProceduralMeshComponent (394)
[2019.02.07-14.40.46:111][102]LogModuleManager: Shutting down and abandoning module OculusInput (392)
[2019.02.07-14.40.46:111][102]LogModuleManager: Shutting down and abandoning module MobilePatchingUtils (390)
[2019.02.07-14.40.46:111][102]LogModuleManager: Shutting down and abandoning module EditableMesh (388)
[2019.02.07-14.40.46:111][102]LogModuleManager: Shutting down and abandoning module CustomMeshComponent (386)
[2019.02.07-14.40.46:111][102]LogModuleManager: Shutting down and abandoning module CableComponent (384)
[2019.02.07-14.40.46:111][102]LogModuleManager: Shutting down and abandoning module AudioCapture (382)
[2019.02.07-14.40.46:111][102]LogModuleManager: Shutting down and abandoning module ArchVisCharacter (380)
[2019.02.07-14.40.46:111][102]LogModuleManager: Shutting down and abandoning module AndroidPermission (378)
[2019.02.07-14.40.46:111][102]LogModuleManager: Shutting down and abandoning module NUTUnrealEngine4 (376)
[2019.02.07-14.40.46:111][102]LogModuleManager: Shutting down and abandoning module NetcodeUnitTest (374)
[2019.02.07-14.40.46:111][102]LogModuleManager: Shutting down and abandoning module MediaCompositing (372)
[2019.02.07-14.40.46:111][102]LogModuleManager: Shutting down and abandoning module LinearTimecode (370)
[2019.02.07-14.40.46:111][102]LogModuleManager: Shutting down and abandoning module ImgMedia (368)
[2019.02.07-14.40.46:114][102]LogModuleManager: Shutting down and abandoning module HTML5Networking (366)
[2019.02.07-14.40.46:114][102]LogModuleManager: Shutting down and abandoning module GeometryCacheTracks (364)
[2019.02.07-14.40.46:114][102]LogModuleManager: Shutting down and abandoning module GeometryCacheSequencer (362)
[2019.02.07-14.40.46:114][102]LogModuleManager: Shutting down and abandoning module BackChannel (360)
[2019.02.07-14.40.46:114][102]LogModuleManager: Shutting down and abandoning module AppleVision (358)
[2019.02.07-14.40.46:114][102]LogModuleManager: Shutting down and abandoning module AppleImageUtilsBlueprintSupport (356)
[2019.02.07-14.40.46:114][102]LogModuleManager: Shutting down and abandoning module AppleImageUtils (354)
[2019.02.07-14.40.46:114][102]LogModuleManager: Shutting down and abandoning module AlembicImporter (352)
[2019.02.07-14.40.46:114][102]LogModuleManager: Shutting down and abandoning module AlembicLibrary (351)
[2019.02.07-14.40.46:114][102]LogModuleManager: Shutting down and abandoning module GeometryCache (350)
[2019.02.07-14.40.46:114][102]LogModuleManager: Shutting down and abandoning module GeometryCacheEd (349)
[2019.02.07-14.40.46:114][102]LogModuleManager: Shutting down and abandoning module VariantManagerContent (344)
[2019.02.07-14.40.46:114][102]LogModuleManager: Shutting down and abandoning module DatasmithContentEditor (342)
[2019.02.07-14.40.46:114][102]LogModuleManager: Shutting down and abandoning module SpeedTreeImporter (340)
[2019.02.07-14.40.46:114][102]LogModuleManager: Shutting down and abandoning module PluginBrowser (338)
[2019.02.07-14.40.46:114][102]LogModuleManager: Shutting down and abandoning module MobileLauncherProfileWizard (336)
[2019.02.07-14.40.46:114][102]LogModuleManager: Shutting down and abandoning module PolygonModeling (334)
[2019.02.07-14.40.46:114][102]LogModuleManager: Shutting down and abandoning module MeshEditor (332)
[2019.02.07-14.40.46:114][102]LogModuleManager: Shutting down and abandoning module CryptoKeysOpenSSL (330)
[2019.02.07-14.40.46:114][102]LogModuleManager: Shutting down and abandoning module CryptoKeys (328)
[2019.02.07-14.40.46:114][102]LogModuleManager: Shutting down and abandoning module VisualStudioSourceCodeAccess (326)
[2019.02.07-14.40.46:114][102]LogModuleManager: Shutting down and abandoning module VisualStudioCodeSourceCodeAccess (324)
[2019.02.07-14.40.46:114][102]LogModuleManager: Shutting down and abandoning module UObjectPlugin (322)
[2019.02.07-14.40.46:114][102]LogModuleManager: Shutting down and abandoning module SubversionSourceControl (320)
[2019.02.07-14.40.46:114][102]LogModuleManager: Shutting down and abandoning module PerforceSourceControl (318)
[2019.02.07-14.40.46:114][102]LogModuleManager: Shutting down and abandoning module GitSourceControl (316)
[2019.02.07-14.40.46:114][102]LogModuleManager: Shutting down and abandoning module SourceControl (315)
[2019.02.07-14.40.46:114][102]LogModuleManager: Shutting down and abandoning module CLionSourceCodeAccess (312)
[2019.02.07-14.40.46:114][102]LogModuleManager: Shutting down and abandoning module ActorLayerUtilitiesEditor (310)
[2019.02.07-14.40.46:114][102]LogModuleManager: Shutting down and abandoning module ActorLayerUtilities (308)
[2019.02.07-14.40.46:114][102]LogModuleManager: Shutting down and abandoning module LightPropagationVolumeEditor (306)
[2019.02.07-14.40.46:114][102]LogModuleManager: Shutting down and abandoning module PaperTiledImporter (304)
[2019.02.07-14.40.46:114][102]LogModuleManager: Shutting down and abandoning module PaperSpriteSheetImporter (302)
[2019.02.07-14.40.46:114][102]LogModuleManager: Shutting down and abandoning module Paper2DEditor (300)
[2019.02.07-14.40.46:114][102]LogModuleManager: Shutting down and abandoning module MeshPaint (299)
[2019.02.07-14.40.46:114][102]LogModuleManager: Shutting down and abandoning module GameLab19 (296)
[2019.02.07-14.40.46:114][102]LogModuleManager: Shutting down and abandoning module RuntimePhysXCooking (294)
[2019.02.07-14.40.46:114][102]LogModuleManager: Shutting down and abandoning module PhysXVehiclesEditor (292)
[2019.02.07-14.40.46:114][102]LogModuleManager: Shutting down and abandoning module PhysXVehicles (290)
[2019.02.07-14.40.46:114][102]LogModuleManager: Shutting down and abandoning module OculusEditor (288)
[2019.02.07-14.40.46:114][102]LogModuleManager: Shutting down and abandoning module LocationServicesBPLibrary (286)
[2019.02.07-14.40.46:114][102]LogModuleManager: Shutting down and abandoning module ActorSequence (284)
[2019.02.07-14.40.46:114][102]LogModuleManager: Shutting down and abandoning module UdpMessaging (282)
[2019.02.07-14.40.46:215][102]LogModuleManager: Shutting down and abandoning module TcpMessaging (280)
[2019.02.07-14.40.46:316][102]LogModuleManager: Shutting down and abandoning module MagicLeapAudio (278)
[2019.02.07-14.40.46:316][102]LogModuleManager: Shutting down and abandoning module GameplayTagsEditor (276)
[2019.02.07-14.40.46:316][102]LogModuleManager: Shutting down and abandoning module FacialAnimationEditor (274)
[2019.02.07-14.40.46:316][102]LogModuleManager: Shutting down and abandoning module FacialAnimation (272)
[2019.02.07-14.40.46:316][102]LogModuleManager: Shutting down and abandoning module DataValidation (270)
[2019.02.07-14.40.46:316][102]LogModuleManager: Shutting down and abandoning module AssetManagerEditor (268)
[2019.02.07-14.40.46:316][102]LogModuleManager: Shutting down and abandoning module LevelEditor (267)
[2019.02.07-14.40.46:316][102]LogModuleManager: Shutting down and abandoning module PixelInspectorModule (266)
[2019.02.07-14.40.46:316][102]LogModuleManager: Shutting down and abandoning module CommonMenuExtensions (264)
[2019.02.07-14.40.46:316][102]LogModuleManager: Shutting down and abandoning module MainFrame (262)
[2019.02.07-14.40.46:316][102]LogModuleManager: Shutting down and abandoning module HotReload (261)
[2019.02.07-14.40.46:317][102]LogModuleManager: Shutting down and abandoning module ContentBrowser (257)
[2019.02.07-14.40.46:317][102]LogModuleManager: Shutting down and abandoning module TreeMap (255)
[2019.02.07-14.40.46:317][102]LogModuleManager: Shutting down and abandoning module LightPropagationVolumeRuntime (252)
[2019.02.07-14.40.46:317][102]LogModuleManager: Shutting down and abandoning module AISupportModule (250)
[2019.02.07-14.40.46:317][102]LogModuleManager: Shutting down and abandoning module Paper2D (248)
[2019.02.07-14.40.46:317][102]LogModuleManager: Shutting down and abandoning module WindowsMoviePlayer (246)
[2019.02.07-14.40.46:317][102]LogModuleManager: Shutting down and abandoning module WebMMoviePlayer (244)
[2019.02.07-14.40.46:317][102]LogModuleManager: Shutting down and abandoning module WmfMedia (242)
[2019.02.07-14.40.46:318][102]LogModuleManager: Shutting down and abandoning module Media (241)
[2019.02.07-14.40.46:324][102]LogModuleManager: Shutting down and abandoning module PacketHandler (238)
[2019.02.07-14.40.46:324][102]LogModuleManager: Shutting down and abandoning module ClothingSystemEditor (236)
[2019.02.07-14.40.46:324][102]LogModuleManager: Shutting down and abandoning module ClothingSystemRuntime (234)
[2019.02.07-14.40.46:324][102]LogModuleManager: Shutting down and abandoning module MediaAssets (232)
[2019.02.07-14.40.46:324][102]LogModuleManager: Shutting down and abandoning module Overlay (230)
[2019.02.07-14.40.46:324][102]LogModuleManager: Shutting down and abandoning module OverlayEditor (229)
[2019.02.07-14.40.46:324][102]LogModuleManager: Shutting down and abandoning module VREditor (226)
[2019.02.07-14.40.46:324][102]LogModuleManager: Shutting down and abandoning module StringTableEditor (224)
[2019.02.07-14.40.46:324][102]LogModuleManager: Shutting down and abandoning module GameplayTasksEditor (222)
[2019.02.07-14.40.46:324][102]LogModuleManager: Shutting down and abandoning module BehaviorTreeEditor (220)
[2019.02.07-14.40.46:324][102]LogModuleManager: Shutting down and abandoning module FunctionalTesting (218)
[2019.02.07-14.40.46:324][102]LogModuleManager: Shutting down and abandoning module CollisionAnalyzer (216)
[2019.02.07-14.40.46:324][102]LogModuleManager: Shutting down and abandoning module WorkspaceMenuStructure (215)
[2019.02.07-14.40.46:324][102]LogModuleManager: Shutting down and abandoning module UMG (212)
[2019.02.07-14.40.46:324][102]LogModuleManager: Shutting down and abandoning module UMGEditor (211)
[2019.02.07-14.40.46:324][102]LogModuleManager: Shutting down and abandoning module Sequencer (210)
[2019.02.07-14.40.46:324][102]LogModuleManager: Shutting down and abandoning module MessageLog (207)
[2019.02.07-14.40.46:324][102]LogModuleManager: Shutting down and abandoning module SlateReflector (202)
[2019.02.07-14.40.46:324][102]LogModuleManager: Shutting down and abandoning module Slate (200)
[2019.02.07-14.40.46:324][102]LogModuleManager: Shutting down and abandoning module EditorStyle (198)
[2019.02.07-14.40.46:325][102]LogModuleManager: Shutting down and abandoning module MRMesh (196)
[2019.02.07-14.40.46:325][102]LogModuleManager: Shutting down and abandoning module SourceCodeAccess (194)
[2019.02.07-14.40.46:325][102]LogModuleManager: Shutting down and abandoning module HeadMountedDisplay (192)
[2019.02.07-14.40.46:325][102]LogModuleManager: Shutting down and abandoning module XAudio2 (190)
[2019.02.07-14.40.46:325][102]LogModuleManager: Shutting down and abandoning module Networking (188)
[2019.02.07-14.40.46:326][102]LogModuleManager: Shutting down and abandoning module Core (186)
[2019.02.07-14.40.46:326][102]LogModuleManager: Shutting down and abandoning module LevelSequence (184)
[2019.02.07-14.40.46:326][102]LogModuleManager: Shutting down and abandoning module KismetCompiler (182)
[2019.02.07-14.40.46:326][102]LogModuleManager: Shutting down and abandoning module MeshUtilities (180)
[2019.02.07-14.40.46:326][102]LogModuleManager: Shutting down and abandoning module MeshMergeUtilities (179)
[2019.02.07-14.40.46:326][102]LogModuleManager: Shutting down and abandoning module MeshReductionInterface (178)
[2019.02.07-14.40.46:326][102]LogModuleManager: Shutting down and abandoning module SimplygonSwarm (177)
[2019.02.07-14.40.46:326][102]LogModuleManager: Shutting down and abandoning module ProxyLODMeshReduction (175)
[2019.02.07-14.40.46:326][102]LogModuleManager: Shutting down and abandoning module SimplygonMeshReduction (173)
[2019.02.07-14.40.46:326][102]LogModuleManager: Shutting down and abandoning module QuadricMeshReduction (171)
[2019.02.07-14.40.46:326][102]LogModuleManager: Shutting down and abandoning module MaterialBaking (167)
[2019.02.07-14.40.46:326][102]LogModuleManager: Shutting down and abandoning module DirectoryWatcher (163)
[2019.02.07-14.40.46:326][102]LogModuleManager: Shutting down and abandoning module DerivedDataCache (160)
[2019.02.07-14.40.46:412][102]LogDerivedDataCache: Shutdown
[2019.02.07-14.40.46:412][102]LogModuleManager: Shutting down and abandoning module XGEController (158)
[2019.02.07-14.40.46:412][102]LogModuleManager: Shutting down and abandoning module TargetPlatform (156)
[2019.02.07-14.40.46:412][102]LogModuleManager: Shutting down and abandoning module VulkanShaderFormat (155)
[2019.02.07-14.40.46:412][102]LogModuleManager: Shutting down and abandoning module ShaderFormatVectorVM (153)
[2019.02.07-14.40.46:412][102]LogModuleManager: Shutting down and abandoning module ShaderFormatOpenGL (151)
[2019.02.07-14.40.46:412][102]LogModuleManager: Shutting down and abandoning module ShaderFormatD3D (149)
[2019.02.07-14.40.46:412][102]LogModuleManager: Shutting down and abandoning module MetalShaderFormat (147)
[2019.02.07-14.40.46:412][102]LogModuleManager: Shutting down and abandoning module TextureFormatUncompressed (145)
[2019.02.07-14.40.46:412][102]LogModuleManager: Shutting down and abandoning module TextureFormatPVR (143)
[2019.02.07-14.40.46:412][102]LogModuleManager: Shutting down and abandoning module TextureFormatDXT (141)
[2019.02.07-14.40.46:412][102]LogModuleManager: Shutting down and abandoning module TextureFormatIntelISPCTexComp (139)
[2019.02.07-14.40.46:412][102]LogModuleManager: Shutting down and abandoning module TextureFormatASTC (137)
[2019.02.07-14.40.46:412][102]LogModuleManager: Shutting down and abandoning module ImageWrapper (136)
[2019.02.07-14.40.46:412][102]LogModuleManager: Shutting down and abandoning module TextureFormatAndroid (133)
[2019.02.07-14.40.46:412][102]LogModuleManager: Shutting down and abandoning module AudioFormatOpus (131)
[2019.02.07-14.40.46:412][102]LogModuleManager: Shutting down and abandoning module AudioFormatOgg (129)
[2019.02.07-14.40.46:412][102]LogModuleManager: Shutting down and abandoning module AudioFormatADPCM (127)
[2019.02.07-14.40.46:412][102]LogModuleManager: Shutting down and abandoning module LuminTargetPlatform (125)
[2019.02.07-14.40.46:413][102]LogModuleManager: Shutting down and abandoning module LinuxTargetPlatform (123)
[2019.02.07-14.40.46:413][102]LogModuleManager: Shutting down and abandoning module LinuxServerTargetPlatform (121)
[2019.02.07-14.40.46:413][102]LogModuleManager: Shutting down and abandoning module LinuxNoEditorTargetPlatform (119)
[2019.02.07-14.40.46:413][102]LogModuleManager: Shutting down and abandoning module LinuxClientTargetPlatform (117)
[2019.02.07-14.40.46:413][102]LogModuleManager: Shutting down and abandoning module TVOSTargetPlatform (115)
[2019.02.07-14.40.46:413][102]LogModuleManager: Shutting down and abandoning module Messaging (113)
[2019.02.07-14.40.46:413][102]LogModuleManager: Shutting down and abandoning module IOSTargetPlatform (111)
[2019.02.07-14.40.46:414][102]LogModuleManager: Shutting down and abandoning module HTML5TargetPlatform (109)
[2019.02.07-14.40.46:414][102]LogModuleManager: Shutting down and abandoning module AndroidTargetPlatform (107)
[2019.02.07-14.40.46:417][102]LogModuleManager: Shutting down and abandoning module WindowsTargetPlatform (105)
[2019.02.07-14.40.46:417][102]LogModuleManager: Shutting down and abandoning module WindowsServerTargetPlatform (103)
[2019.02.07-14.40.46:417][102]LogModuleManager: Shutting down and abandoning module WindowsNoEditorTargetPlatform (101)
[2019.02.07-14.40.46:417][102]LogModuleManager: Shutting down and abandoning module WindowsClientTargetPlatform (99)
[2019.02.07-14.40.46:417][102]LogModuleManager: Shutting down and abandoning module MacTargetPlatform (97)
[2019.02.07-14.40.46:417][102]LogModuleManager: Shutting down and abandoning module MacServerTargetPlatform (95)
[2019.02.07-14.40.46:417][102]LogModuleManager: Shutting down and abandoning module MacNoEditorTargetPlatform (93)
[2019.02.07-14.40.46:417][102]LogModuleManager: Shutting down and abandoning module MacClientTargetPlatform (91)
[2019.02.07-14.40.46:417][102]LogModuleManager: Shutting down and abandoning module AllDesktopTargetPlatform (89)
[2019.02.07-14.40.46:417][102]LogModuleManager: Shutting down and abandoning module InputCore (86)
[2019.02.07-14.40.46:417][102]LogModuleManager: Shutting down and abandoning module Settings (84)
[2019.02.07-14.40.46:417][102]LogModuleManager: Shutting down and abandoning module PhysXCooking (82)
[2019.02.07-14.40.46:417][102]LogModuleManager: Shutting down and abandoning module SteamVR (80)
[2019.02.07-14.40.46:417][102]LogHMD: Freeing OpenVRDLLHandle.
[2019.02.07-14.40.46:417][102]LogModuleManager: Shutting down and abandoning module OculusHMD (78)
[2019.02.07-14.40.46:417][102]LogModuleManager: Shutting down and abandoning module ExampleDeviceProfileSelector (76)
[2019.02.07-14.40.46:417][102]LogModuleManager: Shutting down and abandoning module LauncherChunkInstaller (74)
[2019.02.07-14.40.46:417][102]LogModuleManager: Shutting down and abandoning module OnlineBlueprintSupport (72)
[2019.02.07-14.40.46:417][102]LogModuleManager: Shutting down and abandoning module OnlineSubsystem (68)
[2019.02.07-14.40.46:418][102]LogModuleManager: Shutting down and abandoning module XMPP (63)
[2019.02.07-14.40.46:418][102]LogModuleManager: Shutting down and abandoning module WebSockets (62)
[2019.02.07-14.40.46:454][102]LogModuleManager: Shutting down and abandoning module HTTP (59)
[2019.02.07-14.40.46:454][102]LogHttp: Display: Http module shutting down, but needs to wait on 1 outstanding Http requests:
[2019.02.07-14.40.46:454][102]LogHttp: Display: 	verb=[POST] url=[https://datarouter.ol.epicgames.com/datarouter/api/v1/public/data?SessionID=%7B78D4F8B5-4328-8AC5-C0B9-B2AF013039BF%7D&AppID=UEEditor.Rocket.Release&AppVersion=4.21.2-4753647%2B%2B%2BUE4%2BRelease-4.21&UserID=30064c8f490bc25c8a4d72846695df9f%7Cea9c1e04881f4314a7ebf9e00250c27c%7C53c2baed-dfc5-4842-a836-6f9a4e8c9671&AppEnvironment=datacollector-binary&UploadType=eteventstream] status=Processing
[2019.02.07-14.40.46:477][102]LogModuleManager: Shutting down and abandoning module SSL (58)
[2019.02.07-14.40.46:477][102]LogModuleManager: Shutting down and abandoning module MagicLeapIdentity (54)
[2019.02.07-14.40.46:477][102]LogModuleManager: Shutting down and abandoning module MagicLeapHelperVulkan (52)
[2019.02.07-14.40.46:477][102]LogModuleManager: Shutting down and abandoning module MagicLeapHelperOpenGL (50)
[2019.02.07-14.40.46:477][102]LogModuleManager: Shutting down and abandoning module MagicLeapSecureStorage (48)
[2019.02.07-14.40.46:477][102]LogModuleManager: Shutting down and abandoning module MagicLeapHandTracking (46)
[2019.02.07-14.40.46:477][102]LogModuleManager: Shutting down and abandoning module MagicLeapEyeTracker (44)
[2019.02.07-14.40.46:477][102]LogModuleManager: Shutting down and abandoning module MagicLeapController (42)
[2019.02.07-14.40.46:478][102]LogSlate: Slate User Destroyed.  User Index 0, Is Virtual User: 0
[2019.02.07-14.40.46:478][102]LogModuleManager: Shutting down and abandoning module MagicLeap (40)
[2019.02.07-14.40.46:478][102]LogModuleManager: Shutting down and abandoning module DatasmithContent (38)
[2019.02.07-14.40.46:478][102]LogModuleManager: Shutting down and abandoning module AnimationModifiers (36)
[2019.02.07-14.40.46:478][102]LogModuleManager: Shutting down and abandoning module PropertyEditor (35)
[2019.02.07-14.40.46:478][102]LogModuleManager: Shutting down and abandoning module AudioEditor (32)
[2019.02.07-14.40.46:478][102]LogModuleManager: Shutting down and abandoning module TextureCompressor (30)
[2019.02.07-14.40.46:478][102]LogModuleManager: Shutting down and abandoning module ShaderCore (28)
[2019.02.07-14.40.46:478][102]LogModuleManager: Shutting down and abandoning module Landscape (26)
[2019.02.07-14.40.46:478][102]LogModuleManager: Shutting down and abandoning module SlateRHIRenderer (24)
[2019.02.07-14.40.46:479][102]LogModuleManager: Shutting down and abandoning module OpenGLDrv (22)
[2019.02.07-14.40.46:479][102]LogModuleManager: Shutting down and abandoning module D3D11RHI (20)
[2019.02.07-14.40.46:479][102]LogModuleManager: Shutting down and abandoning module AnimGraphRuntime (18)
[2019.02.07-14.40.46:479][102]LogModuleManager: Shutting down and abandoning module Renderer (16)
[2019.02.07-14.40.46:479][102]LogModuleManager: Shutting down and abandoning module Engine (14)
[2019.02.07-14.40.46:479][102]LogModuleManager: Shutting down and abandoning module CoreUObject (12)
[2019.02.07-14.40.46:479][102]LogModuleManager: Shutting down and abandoning module NetworkFile (10)
[2019.02.07-14.40.46:479][102]LogModuleManager: Shutting down and abandoning module CookedIterativeFile (8)
[2019.02.07-14.40.46:479][102]LogModuleManager: Shutting down and abandoning module StreamingFile (6)
[2019.02.07-14.40.46:479][102]LogModuleManager: Shutting down and abandoning module SandboxFile (4)
[2019.02.07-14.40.46:479][102]LogModuleManager: Shutting down and abandoning module PakFile (2)
[2019.02.07-14.40.46:486][102]LogExit: Exiting.
[2019.02.07-14.40.46:499][102]Log file closed, 02/07/19 09:40:46
