  Cleaning GameLab19Editor Binaries...
  Performing full C++ include scan (building a new target)
  Using 'git status' to determine working set for adaptive non-unity build (C:\Users\Andy\Documents\GitHub\game-lab-2019).
  Using 'git status' to determine working set for adaptive non-unity build (C:\Users\Andy\Documents\GitHub\game-lab-2019).
  Creating makefile for GameLab19Editor (no existing makefile)
  Performing full C++ include scan (no include cache file)
  Using Visual Studio 2017 14.16.27023 toolchain (C:\Program Files (x86)\Microsoft Visual Studio\2017\Community\VC\Tools\MSVC\14.16.27023) and Windows 10.0.17763.0 SDK (C:\Program Files (x86)\Windows Kits\10).
  Parsing headers for GameLab19Editor
    Running UnrealHeaderTool "C:\Users\Andy\Documents\GitHub\game-lab-2019\GameLab19\GameLab19.uproject" "C:\Users\Andy\Documents\GitHub\game-lab-2019\GameLab19\Intermediate\Build\Win64\GameLab19Editor\Development\GameLab19Editor.uhtmanifest" -LogCmds="loginit warning, logexit warning, logdatabase error" -Unattended -WarningsAsErrors -installed
  Reflection code generated for GameLab19Editor in 29.3628318 seconds
  Building 10 actions with 8 processes...
    [1/10] PCLaunch.rc
    [2/10] SharedPCH.Engine.cpp
    [3/10] GameLab19.cpp
    [4/10] GameLab19.init.gen.cpp
    [5/10] GameLab19GameModeBase.cpp
    [6/10] GameLab19GameModeBase.gen.cpp
    [7/10] Twitch.gen.cpp
    [8/10] Twitch.cpp
    [9/10] UE4Editor-GameLab19.lib
       Creating library C:\Users\Andy\Documents\GitHub\game-lab-2019\GameLab19\Intermediate\Build\Win64\UE4Editor\Development\GameLab19\UE4Editor-GameLab19.lib and object C:\Users\Andy\Documents\GitHub\game-lab-2019\GameLab19\Intermediate\Build\Win64\UE4Editor\Development\GameLab19\UE4Editor-GameLab19.exp
    [10/10] UE4Editor-GameLab19.dll
       Creating library C:\Users\Andy\Documents\GitHub\game-lab-2019\GameLab19\Intermediate\Build\Win64\UE4Editor\Development\GameLab19\UE4Editor-GameLab19.suppressed.lib and object C:\Users\Andy\Documents\GitHub\game-lab-2019\GameLab19\Intermediate\Build\Win64\UE4Editor\Development\GameLab19\UE4Editor-GameLab19.suppressed.exp
  Deploying GameLab19Editor Win64 Development...
  Total build time: 343.10 seconds (Parallel executor: 219.70 seconds)
